{"/home/manupc/Desktop/calendar/frontend/src/App.tsx": {"path":"/home/manupc/Desktop/calendar/frontend/src/App.tsx","statementMap":{"0":{"start":{"line":5,"column":2},"end":{"line":8,"column":null}}},"fnMap":{"0":{"name":"App","decl":{"start":{"line":4,"column":9},"end":{"line":4,"column":28}},"loc":{"start":{"line":4,"column":28},"end":{"line":10,"column":null}},"line":4}},"branchMap":{},"s":{"0":0},"f":{"0":0},"b":{},"meta":{"lastBranch":0,"lastFunction":1,"lastStatement":1,"seen":{"f:4:9:4:28":0,"s:5:2:8:Infinity":0}}}
,"/home/manupc/Desktop/calendar/frontend/src/api/client.ts": {"path":"/home/manupc/Desktop/calendar/frontend/src/api/client.ts","statementMap":{"0":{"start":{"line":4,"column":21},"end":{"line":4,"column":null}},"1":{"start":{"line":6,"column":13},"end":{"line":8,"column":null}}},"fnMap":{},"branchMap":{},"s":{"0":0,"1":0},"f":{},"b":{},"meta":{"lastBranch":0,"lastFunction":0,"lastStatement":2,"seen":{"s:4:21:4:Infinity":0,"s:6:13:8:Infinity":1}}}
,"/home/manupc/Desktop/calendar/frontend/src/api/events.api.ts": {"path":"/home/manupc/Desktop/calendar/frontend/src/api/events.api.ts","statementMap":{"0":{"start":{"line":3,"column":22},"end":{"line":3,"column":null}},"1":{"start":{"line":21,"column":2},"end":{"line":21,"column":null}},"2":{"start":{"line":26,"column":2},"end":{"line":26,"column":null}},"3":{"start":{"line":31,"column":2},"end":{"line":37,"column":null}},"4":{"start":{"line":42,"column":2},"end":{"line":47,"column":null}},"5":{"start":{"line":50,"column":25},"end":{"line":130,"column":null}},"6":{"start":{"line":53,"column":21},"end":{"line":53,"column":null}},"7":{"start":{"line":54,"column":4},"end":{"line":56,"column":null}},"8":{"start":{"line":55,"column":6},"end":{"line":55,"column":null}},"9":{"start":{"line":57,"column":17},"end":{"line":57,"column":null}},"10":{"start":{"line":58,"column":4},"end":{"line":58,"column":null}},"11":{"start":{"line":63,"column":21},"end":{"line":63,"column":null}},"12":{"start":{"line":64,"column":4},"end":{"line":66,"column":null}},"13":{"start":{"line":65,"column":6},"end":{"line":65,"column":null}},"14":{"start":{"line":67,"column":17},"end":{"line":67,"column":null}},"15":{"start":{"line":68,"column":4},"end":{"line":68,"column":null}},"16":{"start":{"line":73,"column":20},"end":{"line":73,"column":null}},"17":{"start":{"line":74,"column":21},"end":{"line":80,"column":null}},"18":{"start":{"line":82,"column":4},"end":{"line":84,"column":null}},"19":{"start":{"line":83,"column":6},"end":{"line":83,"column":null}},"20":{"start":{"line":85,"column":17},"end":{"line":85,"column":null}},"21":{"start":{"line":86,"column":4},"end":{"line":86,"column":null}},"22":{"start":{"line":91,"column":40},"end":{"line":91,"column":null}},"23":{"start":{"line":92,"column":4},"end":{"line":94,"column":null}},"24":{"start":{"line":93,"column":6},"end":{"line":93,"column":null}},"25":{"start":{"line":95,"column":4},"end":{"line":97,"column":null}},"26":{"start":{"line":96,"column":6},"end":{"line":96,"column":null}},"27":{"start":{"line":98,"column":4},"end":{"line":100,"column":null}},"28":{"start":{"line":99,"column":6},"end":{"line":99,"column":null}},"29":{"start":{"line":101,"column":4},"end":{"line":103,"column":null}},"30":{"start":{"line":102,"column":6},"end":{"line":102,"column":null}},"31":{"start":{"line":105,"column":21},"end":{"line":111,"column":null}},"32":{"start":{"line":113,"column":4},"end":{"line":115,"column":null}},"33":{"start":{"line":114,"column":6},"end":{"line":114,"column":null}},"34":{"start":{"line":116,"column":17},"end":{"line":116,"column":null}},"35":{"start":{"line":117,"column":4},"end":{"line":117,"column":null}},"36":{"start":{"line":122,"column":21},"end":{"line":124,"column":null}},"37":{"start":{"line":126,"column":4},"end":{"line":128,"column":null}},"38":{"start":{"line":127,"column":6},"end":{"line":127,"column":null}}},"fnMap":{"0":{"name":"dateToISO","decl":{"start":{"line":20,"column":9},"end":{"line":20,"column":19}},"loc":{"start":{"line":20,"column":39},"end":{"line":22,"column":null}},"line":20},"1":{"name":"isoToDate","decl":{"start":{"line":25,"column":9},"end":{"line":25,"column":19}},"loc":{"start":{"line":25,"column":38},"end":{"line":27,"column":null}},"line":25},"2":{"name":"apiEventToCalendarEvent","decl":{"start":{"line":30,"column":9},"end":{"line":30,"column":33}},"loc":{"start":{"line":30,"column":83},"end":{"line":38,"column":null}},"line":30},"3":{"name":"calendarEventToPayload","decl":{"start":{"line":41,"column":9},"end":{"line":41,"column":32}},"loc":{"start":{"line":41,"column":86},"end":{"line":48,"column":null}},"line":41},"4":{"name":"(anonymous_4)","decl":{"start":{"line":52,"column":8},"end":{"line":52,"column":43}},"loc":{"start":{"line":52,"column":43},"end":{"line":59,"column":null}},"line":52},"5":{"name":"(anonymous_5)","decl":{"start":{"line":62,"column":8},"end":{"line":62,"column":16}},"loc":{"start":{"line":62,"column":52},"end":{"line":69,"column":null}},"line":62},"6":{"name":"(anonymous_6)","decl":{"start":{"line":72,"column":8},"end":{"line":72,"column":15}},"loc":{"start":{"line":72,"column":73},"end":{"line":87,"column":null}},"line":72},"7":{"name":"(anonymous_7)","decl":{"start":{"line":90,"column":8},"end":{"line":90,"column":15}},"loc":{"start":{"line":90,"column":96},"end":{"line":118,"column":null}},"line":90},"8":{"name":"(anonymous_8)","decl":{"start":{"line":121,"column":8},"end":{"line":121,"column":15}},"loc":{"start":{"line":121,"column":42},"end":{"line":129,"column":null}},"line":121}},"branchMap":{"0":{"loc":{"start":{"line":3,"column":22},"end":{"line":3,"column":null}},"type":"binary-expr","locations":[{"start":{"line":3,"column":22},"end":{"line":3,"column":77}},{"start":{"line":3,"column":77},"end":{"line":3,"column":null}}],"line":3},"1":{"loc":{"start":{"line":54,"column":4},"end":{"line":56,"column":null}},"type":"if","locations":[{"start":{"line":54,"column":4},"end":{"line":56,"column":null}},{"start":{},"end":{}}],"line":54},"2":{"loc":{"start":{"line":64,"column":4},"end":{"line":66,"column":null}},"type":"if","locations":[{"start":{"line":64,"column":4},"end":{"line":66,"column":null}},{"start":{},"end":{}}],"line":64},"3":{"loc":{"start":{"line":82,"column":4},"end":{"line":84,"column":null}},"type":"if","locations":[{"start":{"line":82,"column":4},"end":{"line":84,"column":null}},{"start":{},"end":{}}],"line":82},"4":{"loc":{"start":{"line":92,"column":4},"end":{"line":94,"column":null}},"type":"if","locations":[{"start":{"line":92,"column":4},"end":{"line":94,"column":null}},{"start":{},"end":{}}],"line":92},"5":{"loc":{"start":{"line":95,"column":4},"end":{"line":97,"column":null}},"type":"if","locations":[{"start":{"line":95,"column":4},"end":{"line":97,"column":null}},{"start":{},"end":{}}],"line":95},"6":{"loc":{"start":{"line":98,"column":4},"end":{"line":100,"column":null}},"type":"if","locations":[{"start":{"line":98,"column":4},"end":{"line":100,"column":null}},{"start":{},"end":{}}],"line":98},"7":{"loc":{"start":{"line":101,"column":4},"end":{"line":103,"column":null}},"type":"if","locations":[{"start":{"line":101,"column":4},"end":{"line":103,"column":null}},{"start":{},"end":{}}],"line":101},"8":{"loc":{"start":{"line":113,"column":4},"end":{"line":115,"column":null}},"type":"if","locations":[{"start":{"line":113,"column":4},"end":{"line":115,"column":null}},{"start":{},"end":{}}],"line":113},"9":{"loc":{"start":{"line":126,"column":4},"end":{"line":128,"column":null}},"type":"if","locations":[{"start":{"line":126,"column":4},"end":{"line":128,"column":null}},{"start":{},"end":{}}],"line":126}},"s":{"0":7,"1":0,"2":0,"3":0,"4":0,"5":7,"6":0,"7":0,"8":0,"9":0,"10":0,"11":0,"12":0,"13":0,"14":0,"15":0,"16":0,"17":0,"18":0,"19":0,"20":0,"21":0,"22":0,"23":0,"24":0,"25":0,"26":0,"27":0,"28":0,"29":0,"30":0,"31":0,"32":0,"33":0,"34":0,"35":0,"36":0,"37":0,"38":0},"f":{"0":0,"1":0,"2":0,"3":0,"4":0,"5":0,"6":0,"7":0,"8":0},"b":{"0":[7,7],"1":[0,0],"2":[0,0],"3":[0,0],"4":[0,0],"5":[0,0],"6":[0,0],"7":[0,0],"8":[0,0],"9":[0,0]},"meta":{"lastBranch":10,"lastFunction":9,"lastStatement":39,"seen":{"s:3:22:3:Infinity":0,"b:3:22:3:77:3:77:3:Infinity":0,"f:20:9:20:19":0,"s:21:2:21:Infinity":1,"f:25:9:25:19":1,"s:26:2:26:Infinity":2,"f:30:9:30:33":2,"s:31:2:37:Infinity":3,"f:41:9:41:32":3,"s:42:2:47:Infinity":4,"s:50:25:130:Infinity":5,"f:52:8:52:43":4,"s:53:21:53:Infinity":6,"b:54:4:56:Infinity:undefined:undefined:undefined:undefined":1,"s:54:4:56:Infinity":7,"s:55:6:55:Infinity":8,"s:57:17:57:Infinity":9,"s:58:4:58:Infinity":10,"f:62:8:62:16":5,"s:63:21:63:Infinity":11,"b:64:4:66:Infinity:undefined:undefined:undefined:undefined":2,"s:64:4:66:Infinity":12,"s:65:6:65:Infinity":13,"s:67:17:67:Infinity":14,"s:68:4:68:Infinity":15,"f:72:8:72:15":6,"s:73:20:73:Infinity":16,"s:74:21:80:Infinity":17,"b:82:4:84:Infinity:undefined:undefined:undefined:undefined":3,"s:82:4:84:Infinity":18,"s:83:6:83:Infinity":19,"s:85:17:85:Infinity":20,"s:86:4:86:Infinity":21,"f:90:8:90:15":7,"s:91:40:91:Infinity":22,"b:92:4:94:Infinity:undefined:undefined:undefined:undefined":4,"s:92:4:94:Infinity":23,"s:93:6:93:Infinity":24,"b:95:4:97:Infinity:undefined:undefined:undefined:undefined":5,"s:95:4:97:Infinity":25,"s:96:6:96:Infinity":26,"b:98:4:100:Infinity:undefined:undefined:undefined:undefined":6,"s:98:4:100:Infinity":27,"s:99:6:99:Infinity":28,"b:101:4:103:Infinity:undefined:undefined:undefined:undefined":7,"s:101:4:103:Infinity":29,"s:102:6:102:Infinity":30,"s:105:21:111:Infinity":31,"b:113:4:115:Infinity:undefined:undefined:undefined:undefined":8,"s:113:4:115:Infinity":32,"s:114:6:114:Infinity":33,"s:116:17:116:Infinity":34,"s:117:4:117:Infinity":35,"f:121:8:121:15":8,"s:122:21:124:Infinity":36,"b:126:4:128:Infinity:undefined:undefined:undefined:undefined":9,"s:126:4:128:Infinity":37,"s:127:6:127:Infinity":38}}}
,"/home/manupc/Desktop/calendar/frontend/src/api/index.ts": {"path":"/home/manupc/Desktop/calendar/frontend/src/api/index.ts","statementMap":{},"fnMap":{},"branchMap":{},"s":{},"f":{},"b":{},"meta":{"lastBranch":0,"lastFunction":0,"lastStatement":0,"seen":{}}}
,"/home/manupc/Desktop/calendar/frontend/src/components/EventBlock/EventBlock.tsx": {"path":"/home/manupc/Desktop/calendar/frontend/src/components/EventBlock/EventBlock.tsx","statementMap":{"0":{"start":{"line":8,"column":8},"end":{"line":8,"column":null}},"1":{"start":{"line":9,"column":8},"end":{"line":9,"column":null}},"2":{"start":{"line":11,"column":22},"end":{"line":14,"column":null}},"3":{"start":{"line":12,"column":4},"end":{"line":12,"column":null}},"4":{"start":{"line":13,"column":4},"end":{"line":13,"column":null}},"5":{"start":{"line":16,"column":2},"end":{"line":28,"column":null}}},"fnMap":{"0":{"name":"EventBlock","decl":{"start":{"line":7,"column":16},"end":{"line":7,"column":27}},"loc":{"start":{"line":7,"column":99},"end":{"line":30,"column":null}},"line":7},"1":{"name":"(anonymous_1)","decl":{"start":{"line":11,"column":22},"end":{"line":11,"column":23}},"loc":{"start":{"line":11,"column":47},"end":{"line":14,"column":null}},"line":11}},"branchMap":{"0":{"loc":{"start":{"line":27,"column":7},"end":{"line":27,"column":null}},"type":"binary-expr","locations":[{"start":{"line":27,"column":7},"end":{"line":27,"column":22}},{"start":{"line":27,"column":22},"end":{"line":27,"column":null}}],"line":27}},"s":{"0":0,"1":0,"2":0,"3":0,"4":0,"5":0},"f":{"0":0,"1":0},"b":{"0":[0,0]},"meta":{"lastBranch":1,"lastFunction":2,"lastStatement":6,"seen":{"f:7:16:7:27":0,"s:8:8:8:Infinity":0,"s:9:8:9:Infinity":1,"s:11:22:14:Infinity":2,"f:11:22:11:23":1,"s:12:4:12:Infinity":3,"s:13:4:13:Infinity":4,"s:16:2:28:Infinity":5,"b:27:7:27:22:27:22:27:Infinity":0}}}
,"/home/manupc/Desktop/calendar/frontend/src/components/EventBlock/index.ts": {"path":"/home/manupc/Desktop/calendar/frontend/src/components/EventBlock/index.ts","statementMap":{},"fnMap":{},"branchMap":{},"s":{},"f":{},"b":{},"meta":{"lastBranch":0,"lastFunction":0,"lastStatement":0,"seen":{}}}
,"/home/manupc/Desktop/calendar/frontend/src/components/EventForm/EventForm.tsx": {"path":"/home/manupc/Desktop/calendar/frontend/src/components/EventForm/EventForm.tsx","statementMap":{"0":{"start":{"line":23,"column":27},"end":{"line":25,"column":null}},"1":{"start":{"line":26,"column":25},"end":{"line":28,"column":null}},"2":{"start":{"line":31,"column":24},"end":{"line":31,"column":null}},"3":{"start":{"line":32,"column":32},"end":{"line":32,"column":null}},"4":{"start":{"line":33,"column":28},"end":{"line":33,"column":null}},"5":{"start":{"line":34,"column":24},"end":{"line":34,"column":null}},"6":{"start":{"line":37,"column":23},"end":{"line":59,"column":null}},"7":{"start":{"line":38,"column":4},"end":{"line":38,"column":null}},"8":{"start":{"line":41,"column":4},"end":{"line":44,"column":null}},"9":{"start":{"line":42,"column":6},"end":{"line":42,"column":null}},"10":{"start":{"line":43,"column":6},"end":{"line":43,"column":null}},"11":{"start":{"line":47,"column":10},"end":{"line":47,"column":null}},"12":{"start":{"line":48,"column":4},"end":{"line":51,"column":null}},"13":{"start":{"line":49,"column":6},"end":{"line":49,"column":null}},"14":{"start":{"line":50,"column":6},"end":{"line":50,"column":null}},"15":{"start":{"line":53,"column":4},"end":{"line":58,"column":null}},"16":{"start":{"line":61,"column":23},"end":{"line":67,"column":null}},"17":{"start":{"line":62,"column":4},"end":{"line":66,"column":null}},"18":{"start":{"line":63,"column":6},"end":{"line":65,"column":null}},"19":{"start":{"line":64,"column":8},"end":{"line":64,"column":null}},"20":{"start":{"line":69,"column":2},"end":{"line":104,"column":null}}},"fnMap":{"0":{"name":"EventForm","decl":{"start":{"line":21,"column":9},"end":{"line":21,"column":19}},"loc":{"start":{"line":21,"column":122},"end":{"line":106,"column":null}},"line":21},"1":{"name":"(anonymous_1)","decl":{"start":{"line":37,"column":23},"end":{"line":37,"column":35}},"loc":{"start":{"line":37,"column":35},"end":{"line":59,"column":null}},"line":37},"2":{"name":"(anonymous_2)","decl":{"start":{"line":61,"column":23},"end":{"line":61,"column":35}},"loc":{"start":{"line":61,"column":35},"end":{"line":67,"column":null}},"line":61}},"branchMap":{"0":{"loc":{"start":{"line":23,"column":27},"end":{"line":25,"column":null}},"type":"cond-expr","locations":[{"start":{"line":24,"column":6},"end":{"line":24,"column":null}},{"start":{"line":25,"column":6},"end":{"line":25,"column":null}}],"line":23},"1":{"loc":{"start":{"line":26,"column":25},"end":{"line":28,"column":null}},"type":"cond-expr","locations":[{"start":{"line":27,"column":6},"end":{"line":27,"column":null}},{"start":{"line":28,"column":6},"end":{"line":28,"column":null}}],"line":26},"2":{"loc":{"start":{"line":31,"column":37},"end":{"line":31,"column":62}},"type":"binary-expr","locations":[{"start":{"line":31,"column":37},"end":{"line":31,"column":60}},{"start":{"line":31,"column":60},"end":{"line":31,"column":62}}],"line":31},"3":{"loc":{"start":{"line":41,"column":4},"end":{"line":44,"column":null}},"type":"if","locations":[{"start":{"line":41,"column":4},"end":{"line":44,"column":null}},{"start":{},"end":{}}],"line":41},"4":{"loc":{"start":{"line":48,"column":4},"end":{"line":51,"column":null}},"type":"if","locations":[{"start":{"line":48,"column":4},"end":{"line":51,"column":null}},{"start":{},"end":{}}],"line":48},"5":{"loc":{"start":{"line":49,"column":15},"end":{"line":49,"column":50}},"type":"binary-expr","locations":[{"start":{"line":49,"column":15},"end":{"line":49,"column":35}},{"start":{"line":49,"column":35},"end":{"line":49,"column":50}}],"line":49},"6":{"loc":{"start":{"line":62,"column":4},"end":{"line":66,"column":null}},"type":"if","locations":[{"start":{"line":62,"column":4},"end":{"line":66,"column":null}},{"start":{},"end":{}}],"line":62},"7":{"loc":{"start":{"line":62,"column":8},"end":{"line":62,"column":34}},"type":"binary-expr","locations":[{"start":{"line":62,"column":8},"end":{"line":62,"column":24}},{"start":{"line":62,"column":24},"end":{"line":62,"column":34}}],"line":62},"8":{"loc":{"start":{"line":63,"column":6},"end":{"line":65,"column":null}},"type":"if","locations":[{"start":{"line":63,"column":6},"end":{"line":65,"column":null}},{"start":{},"end":{}}],"line":63},"9":{"loc":{"start":{"line":97,"column":7},"end":{"line":97,"column":null}},"type":"binary-expr","locations":[{"start":{"line":97,"column":7},"end":{"line":97,"column":16}},{"start":{"line":97,"column":16},"end":{"line":97,"column":null}}],"line":97},"10":{"loc":{"start":{"line":100,"column":9},"end":{"line":100,"column":null}},"type":"binary-expr","locations":[{"start":{"line":100,"column":9},"end":{"line":100,"column":25}},{"start":{"line":100,"column":25},"end":{"line":100,"column":38}},{"start":{"line":100,"column":38},"end":{"line":100,"column":null}}],"line":100},"11":{"loc":{"start":{"line":102,"column":45},"end":{"line":102,"column":92}},"type":"cond-expr","locations":[{"start":{"line":102,"column":60},"end":{"line":102,"column":77}},{"start":{"line":102,"column":77},"end":{"line":102,"column":92}}],"line":102}},"s":{"0":0,"1":0,"2":0,"3":0,"4":0,"5":0,"6":0,"7":0,"8":0,"9":0,"10":0,"11":0,"12":0,"13":0,"14":0,"15":0,"16":0,"17":0,"18":0,"19":0,"20":0},"f":{"0":0,"1":0,"2":0},"b":{"0":[0,0],"1":[0,0],"2":[0,0],"3":[0,0],"4":[0,0],"5":[0,0],"6":[0,0],"7":[0,0],"8":[0,0],"9":[0,0],"10":[0,0,0],"11":[0,0]},"meta":{"lastBranch":12,"lastFunction":3,"lastStatement":21,"seen":{"f:21:9:21:19":0,"s:23:27:25:Infinity":0,"b:24:6:24:Infinity:25:6:25:Infinity":0,"s:26:25:28:Infinity":1,"b:27:6:27:Infinity:28:6:28:Infinity":1,"s:31:24:31:Infinity":2,"b:31:37:31:60:31:60:31:62":2,"s:32:32:32:Infinity":3,"s:33:28:33:Infinity":4,"s:34:24:34:Infinity":5,"s:37:23:59:Infinity":6,"f:37:23:37:35":1,"s:38:4:38:Infinity":7,"b:41:4:44:Infinity:undefined:undefined:undefined:undefined":3,"s:41:4:44:Infinity":8,"s:42:6:42:Infinity":9,"s:43:6:43:Infinity":10,"s:47:10:47:Infinity":11,"b:48:4:51:Infinity:undefined:undefined:undefined:undefined":4,"s:48:4:51:Infinity":12,"s:49:6:49:Infinity":13,"b:49:15:49:35:49:35:49:50":5,"s:50:6:50:Infinity":14,"s:53:4:58:Infinity":15,"s:61:23:67:Infinity":16,"f:61:23:61:35":2,"b:62:4:66:Infinity:undefined:undefined:undefined:undefined":6,"s:62:4:66:Infinity":17,"b:62:8:62:24:62:24:62:34":7,"b:63:6:65:Infinity:undefined:undefined:undefined:undefined":8,"s:63:6:65:Infinity":18,"s:64:8:64:Infinity":19,"s:69:2:104:Infinity":20,"b:97:7:97:16:97:16:97:Infinity":9,"b:100:9:100:25:100:25:100:38:100:38:100:Infinity":10,"b:102:60:102:77:102:77:102:92":11}}}
,"/home/manupc/Desktop/calendar/frontend/src/components/EventModal/EventForm.tsx": {"path":"/home/manupc/Desktop/calendar/frontend/src/components/EventModal/EventForm.tsx","statementMap":{"0":{"start":{"line":23,"column":27},"end":{"line":25,"column":null}},"1":{"start":{"line":26,"column":25},"end":{"line":28,"column":null}},"2":{"start":{"line":31,"column":24},"end":{"line":31,"column":null}},"3":{"start":{"line":32,"column":32},"end":{"line":32,"column":null}},"4":{"start":{"line":33,"column":28},"end":{"line":33,"column":null}},"5":{"start":{"line":34,"column":24},"end":{"line":34,"column":null}},"6":{"start":{"line":37,"column":23},"end":{"line":59,"column":null}},"7":{"start":{"line":38,"column":4},"end":{"line":38,"column":null}},"8":{"start":{"line":41,"column":4},"end":{"line":44,"column":null}},"9":{"start":{"line":42,"column":6},"end":{"line":42,"column":null}},"10":{"start":{"line":43,"column":6},"end":{"line":43,"column":null}},"11":{"start":{"line":47,"column":10},"end":{"line":47,"column":null}},"12":{"start":{"line":48,"column":4},"end":{"line":51,"column":null}},"13":{"start":{"line":49,"column":6},"end":{"line":49,"column":null}},"14":{"start":{"line":50,"column":6},"end":{"line":50,"column":null}},"15":{"start":{"line":53,"column":4},"end":{"line":58,"column":null}},"16":{"start":{"line":61,"column":23},"end":{"line":67,"column":null}},"17":{"start":{"line":62,"column":4},"end":{"line":66,"column":null}},"18":{"start":{"line":63,"column":6},"end":{"line":65,"column":null}},"19":{"start":{"line":64,"column":8},"end":{"line":64,"column":null}},"20":{"start":{"line":69,"column":2},"end":{"line":111,"column":null}},"21":{"start":{"line":103,"column":29},"end":{"line":103,"column":50}}},"fnMap":{"0":{"name":"EventForm","decl":{"start":{"line":21,"column":9},"end":{"line":21,"column":19}},"loc":{"start":{"line":21,"column":122},"end":{"line":113,"column":null}},"line":21},"1":{"name":"(anonymous_1)","decl":{"start":{"line":37,"column":23},"end":{"line":37,"column":50}},"loc":{"start":{"line":37,"column":50},"end":{"line":59,"column":null}},"line":37},"2":{"name":"(anonymous_2)","decl":{"start":{"line":61,"column":23},"end":{"line":61,"column":50}},"loc":{"start":{"line":61,"column":50},"end":{"line":67,"column":null}},"line":61},"3":{"name":"(anonymous_3)","decl":{"start":{"line":103,"column":21},"end":{"line":103,"column":27}},"loc":{"start":{"line":103,"column":27},"end":{"line":103,"column":null}},"line":103}},"branchMap":{"0":{"loc":{"start":{"line":23,"column":27},"end":{"line":25,"column":null}},"type":"cond-expr","locations":[{"start":{"line":24,"column":6},"end":{"line":24,"column":null}},{"start":{"line":25,"column":6},"end":{"line":25,"column":null}}],"line":23},"1":{"loc":{"start":{"line":26,"column":25},"end":{"line":28,"column":null}},"type":"cond-expr","locations":[{"start":{"line":27,"column":6},"end":{"line":27,"column":null}},{"start":{"line":28,"column":6},"end":{"line":28,"column":null}}],"line":26},"2":{"loc":{"start":{"line":31,"column":37},"end":{"line":31,"column":62}},"type":"binary-expr","locations":[{"start":{"line":31,"column":37},"end":{"line":31,"column":60}},{"start":{"line":31,"column":60},"end":{"line":31,"column":62}}],"line":31},"3":{"loc":{"start":{"line":41,"column":4},"end":{"line":44,"column":null}},"type":"if","locations":[{"start":{"line":41,"column":4},"end":{"line":44,"column":null}},{"start":{},"end":{}}],"line":41},"4":{"loc":{"start":{"line":48,"column":4},"end":{"line":51,"column":null}},"type":"if","locations":[{"start":{"line":48,"column":4},"end":{"line":51,"column":null}},{"start":{},"end":{}}],"line":48},"5":{"loc":{"start":{"line":49,"column":15},"end":{"line":49,"column":50}},"type":"binary-expr","locations":[{"start":{"line":49,"column":15},"end":{"line":49,"column":35}},{"start":{"line":49,"column":35},"end":{"line":49,"column":50}}],"line":49},"6":{"loc":{"start":{"line":62,"column":4},"end":{"line":66,"column":null}},"type":"if","locations":[{"start":{"line":62,"column":4},"end":{"line":66,"column":null}},{"start":{},"end":{}}],"line":62},"7":{"loc":{"start":{"line":62,"column":8},"end":{"line":62,"column":34}},"type":"binary-expr","locations":[{"start":{"line":62,"column":8},"end":{"line":62,"column":24}},{"start":{"line":62,"column":24},"end":{"line":62,"column":34}}],"line":62},"8":{"loc":{"start":{"line":63,"column":6},"end":{"line":65,"column":null}},"type":"if","locations":[{"start":{"line":63,"column":6},"end":{"line":65,"column":null}},{"start":{},"end":{}}],"line":63},"9":{"loc":{"start":{"line":97,"column":7},"end":{"line":97,"column":null}},"type":"binary-expr","locations":[{"start":{"line":97,"column":7},"end":{"line":97,"column":16}},{"start":{"line":97,"column":16},"end":{"line":97,"column":null}}],"line":97},"10":{"loc":{"start":{"line":100,"column":9},"end":{"line":106,"column":null}},"type":"binary-expr","locations":[{"start":{"line":100,"column":9},"end":{"line":100,"column":25}},{"start":{"line":100,"column":25},"end":{"line":100,"column":null}},{"start":{"line":101,"column":10},"end":{"line":106,"column":null}}],"line":100},"11":{"loc":{"start":{"line":109,"column":45},"end":{"line":109,"column":92}},"type":"cond-expr","locations":[{"start":{"line":109,"column":60},"end":{"line":109,"column":77}},{"start":{"line":109,"column":77},"end":{"line":109,"column":92}}],"line":109}},"s":{"0":0,"1":0,"2":0,"3":0,"4":0,"5":0,"6":0,"7":0,"8":0,"9":0,"10":0,"11":0,"12":0,"13":0,"14":0,"15":0,"16":0,"17":0,"18":0,"19":0,"20":0,"21":0},"f":{"0":0,"1":0,"2":0,"3":0},"b":{"0":[0,0],"1":[0,0],"2":[0,0],"3":[0,0],"4":[0,0],"5":[0,0],"6":[0,0],"7":[0,0],"8":[0,0],"9":[0,0],"10":[0,0,0],"11":[0,0]},"meta":{"lastBranch":12,"lastFunction":4,"lastStatement":22,"seen":{"f:21:9:21:19":0,"s:23:27:25:Infinity":0,"b:24:6:24:Infinity:25:6:25:Infinity":0,"s:26:25:28:Infinity":1,"b:27:6:27:Infinity:28:6:28:Infinity":1,"s:31:24:31:Infinity":2,"b:31:37:31:60:31:60:31:62":2,"s:32:32:32:Infinity":3,"s:33:28:33:Infinity":4,"s:34:24:34:Infinity":5,"s:37:23:59:Infinity":6,"f:37:23:37:50":1,"s:38:4:38:Infinity":7,"b:41:4:44:Infinity:undefined:undefined:undefined:undefined":3,"s:41:4:44:Infinity":8,"s:42:6:42:Infinity":9,"s:43:6:43:Infinity":10,"s:47:10:47:Infinity":11,"b:48:4:51:Infinity:undefined:undefined:undefined:undefined":4,"s:48:4:51:Infinity":12,"s:49:6:49:Infinity":13,"b:49:15:49:35:49:35:49:50":5,"s:50:6:50:Infinity":14,"s:53:4:58:Infinity":15,"s:61:23:67:Infinity":16,"f:61:23:61:50":2,"b:62:4:66:Infinity:undefined:undefined:undefined:undefined":6,"s:62:4:66:Infinity":17,"b:62:8:62:24:62:24:62:34":7,"b:63:6:65:Infinity:undefined:undefined:undefined:undefined":8,"s:63:6:65:Infinity":18,"s:64:8:64:Infinity":19,"s:69:2:111:Infinity":20,"b:97:7:97:16:97:16:97:Infinity":9,"b:100:9:100:25:100:25:100:Infinity:101:10:106:Infinity":10,"f:103:21:103:27":3,"s:103:29:103:50":21,"b:109:60:109:77:109:77:109:92":11}}}
,"/home/manupc/Desktop/calendar/frontend/src/components/EventModal/EventModal.tsx": {"path":"/home/manupc/Desktop/calendar/frontend/src/components/EventModal/EventModal.tsx","statementMap":{"0":{"start":{"line":16,"column":2},"end":{"line":18,"column":null}},"1":{"start":{"line":17,"column":4},"end":{"line":17,"column":null}},"2":{"start":{"line":20,"column":21},"end":{"line":20,"column":null}},"3":{"start":{"line":22,"column":2},"end":{"line":32,"column":null}}},"fnMap":{"0":{"name":"EventModal","decl":{"start":{"line":15,"column":9},"end":{"line":15,"column":20}},"loc":{"start":{"line":15,"column":126},"end":{"line":34,"column":null}},"line":15}},"branchMap":{"0":{"loc":{"start":{"line":16,"column":2},"end":{"line":18,"column":null}},"type":"if","locations":[{"start":{"line":16,"column":2},"end":{"line":18,"column":null}},{"start":{},"end":{}}],"line":16},"1":{"loc":{"start":{"line":16,"column":6},"end":{"line":16,"column":51}},"type":"binary-expr","locations":[{"start":{"line":16,"column":6},"end":{"line":16,"column":18}},{"start":{"line":16,"column":18},"end":{"line":16,"column":35}},{"start":{"line":16,"column":35},"end":{"line":16,"column":51}}],"line":16},"2":{"loc":{"start":{"line":23,"column":34},"end":{"line":23,"column":75}},"type":"cond-expr","locations":[{"start":{"line":23,"column":47},"end":{"line":23,"column":62}},{"start":{"line":23,"column":62},"end":{"line":23,"column":75}}],"line":23},"3":{"loc":{"start":{"line":25,"column":23},"end":{"line":25,"column":null}},"type":"binary-expr","locations":[{"start":{"line":25,"column":23},"end":{"line":25,"column":45}},{"start":{"line":25,"column":45},"end":{"line":25,"column":null}}],"line":25},"4":{"loc":{"start":{"line":26,"column":23},"end":{"line":26,"column":null}},"type":"binary-expr","locations":[{"start":{"line":26,"column":23},"end":{"line":26,"column":45}},{"start":{"line":26,"column":45},"end":{"line":26,"column":null}}],"line":26}},"s":{"0":0,"1":0,"2":0,"3":0},"f":{"0":0},"b":{"0":[0,0],"1":[0,0,0],"2":[0,0],"3":[0,0],"4":[0,0]},"meta":{"lastBranch":5,"lastFunction":1,"lastStatement":4,"seen":{"f:15:9:15:20":0,"b:16:2:18:Infinity:undefined:undefined:undefined:undefined":0,"s:16:2:18:Infinity":0,"b:16:6:16:18:16:18:16:35:16:35:16:51":1,"s:17:4:17:Infinity":1,"s:20:21:20:Infinity":2,"s:22:2:32:Infinity":3,"b:23:47:23:62:23:62:23:75":2,"b:25:23:25:45:25:45:25:Infinity":3,"b:26:23:26:45:26:45:26:Infinity":4}}}
,"/home/manupc/Desktop/calendar/frontend/src/components/EventOverview/EventListItem.tsx": {"path":"/home/manupc/Desktop/calendar/frontend/src/components/EventOverview/EventListItem.tsx","statementMap":{"0":{"start":{"line":9,"column":18},"end":{"line":22,"column":null}},"1":{"start":{"line":9,"column":60},"end":{"line":22,"column":2}},"2":{"start":{"line":24,"column":18},"end":{"line":30,"column":null}},"3":{"start":{"line":33,"column":18},"end":{"line":36,"column":null}},"4":{"start":{"line":48,"column":2},"end":{"line":53,"column":null}}},"fnMap":{"0":{"name":"(anonymous_0)","decl":{"start":{"line":9,"column":48},"end":{"line":9,"column":49}},"loc":{"start":{"line":9,"column":60},"end":{"line":22,"column":2}},"line":9},"1":{"name":"EventListItem","decl":{"start":{"line":47,"column":9},"end":{"line":47,"column":23}},"loc":{"start":{"line":47,"column":56},"end":{"line":55,"column":null}},"line":47}},"branchMap":{},"s":{"0":0,"1":0,"2":0,"3":0,"4":0},"f":{"0":0,"1":0},"b":{},"meta":{"lastBranch":0,"lastFunction":2,"lastStatement":5,"seen":{"s:9:18:22:Infinity":0,"f:9:48:9:49":0,"s:9:60:22:2":1,"s:24:18:30:Infinity":2,"s:33:18:36:Infinity":3,"f:47:9:47:23":1,"s:48:2:53:Infinity":4}}}
,"/home/manupc/Desktop/calendar/frontend/src/components/EventOverview/EventOverview.tsx": {"path":"/home/manupc/Desktop/calendar/frontend/src/components/EventOverview/EventOverview.tsx","statementMap":{"0":{"start":{"line":7,"column":32},"end":{"line":10,"column":null}},"1":{"start":{"line":12,"column":19},"end":{"line":16,"column":null}},"2":{"start":{"line":19,"column":19},"end":{"line":24,"column":null}},"3":{"start":{"line":27,"column":17},"end":{"line":27,"column":null}},"4":{"start":{"line":30,"column":16},"end":{"line":30,"column":null}},"5":{"start":{"line":31,"column":2},"end":{"line":31,"column":null}},"6":{"start":{"line":33,"column":25},"end":{"line":36,"column":null}},"7":{"start":{"line":34,"column":21},"end":{"line":34,"column":41}},"8":{"start":{"line":35,"column":20},"end":{"line":35,"column":57}},"9":{"start":{"line":38,"column":2},"end":{"line":54,"column":null}},"10":{"start":{"line":49,"column":16},"end":{"line":49,"column":null}}},"fnMap":{"0":{"name":"UpcomingEvents","decl":{"start":{"line":26,"column":9},"end":{"line":26,"column":39}},"loc":{"start":{"line":26,"column":39},"end":{"line":56,"column":null}},"line":26},"1":{"name":"(anonymous_1)","decl":{"start":{"line":34,"column":12},"end":{"line":34,"column":21}},"loc":{"start":{"line":34,"column":21},"end":{"line":34,"column":41}},"line":34},"2":{"name":"(anonymous_2)","decl":{"start":{"line":35,"column":10},"end":{"line":35,"column":11}},"loc":{"start":{"line":35,"column":20},"end":{"line":35,"column":57}},"line":35},"3":{"name":"(anonymous_3)","decl":{"start":{"line":48,"column":32},"end":{"line":48,"column":null}},"loc":{"start":{"line":49,"column":16},"end":{"line":49,"column":null}},"line":49}},"branchMap":{"0":{"loc":{"start":{"line":41,"column":7},"end":{"line":51,"column":null}},"type":"cond-expr","locations":[{"start":{"line":43,"column":12},"end":{"line":43,"column":null}},{"start":{"line":47,"column":12},"end":{"line":51,"column":null}}],"line":41}},"s":{"0":0,"1":0,"2":0,"3":0,"4":0,"5":0,"6":0,"7":0,"8":0,"9":0,"10":0},"f":{"0":0,"1":0,"2":0,"3":0},"b":{"0":[0,0]},"meta":{"lastBranch":1,"lastFunction":4,"lastStatement":11,"seen":{"s:7:32:10:Infinity":0,"s:12:19:16:Infinity":1,"s:19:19:24:Infinity":2,"f:26:9:26:39":0,"s:27:17:27:Infinity":3,"s:30:16:30:Infinity":4,"s:31:2:31:Infinity":5,"s:33:25:36:Infinity":6,"f:34:12:34:21":1,"s:34:21:34:41":7,"f:35:10:35:11":2,"s:35:20:35:57":8,"s:38:2:54:Infinity":9,"b:43:12:43:Infinity:47:12:51:Infinity":0,"f:48:32:48:Infinity":3,"s:49:16:49:Infinity":10}}}
,"/home/manupc/Desktop/calendar/frontend/src/components/EventOverview/index.ts": {"path":"/home/manupc/Desktop/calendar/frontend/src/components/EventOverview/index.ts","statementMap":{},"fnMap":{},"branchMap":{},"s":{},"f":{},"b":{},"meta":{"lastBranch":0,"lastFunction":0,"lastStatement":0,"seen":{}}}
,"/home/manupc/Desktop/calendar/frontend/src/components/Navigation/WeekNavigation.tsx": {"path":"/home/manupc/Desktop/calendar/frontend/src/components/Navigation/WeekNavigation.tsx","statementMap":{"0":{"start":{"line":7,"column":28},"end":{"line":14,"column":null}},"1":{"start":{"line":18,"column":65},"end":{"line":18,"column":null}},"2":{"start":{"line":20,"column":8},"end":{"line":20,"column":null}},"3":{"start":{"line":21,"column":15},"end":{"line":21,"column":null}},"4":{"start":{"line":22,"column":21},"end":{"line":22,"column":null}},"5":{"start":{"line":24,"column":2},"end":{"line":34,"column":null}}},"fnMap":{"0":{"name":"WeekNavigation","decl":{"start":{"line":17,"column":9},"end":{"line":17,"column":39}},"loc":{"start":{"line":17,"column":39},"end":{"line":36,"column":null}},"line":17}},"branchMap":{},"s":{"0":0,"1":0,"2":0,"3":0,"4":0,"5":0},"f":{"0":0},"b":{},"meta":{"lastBranch":0,"lastFunction":1,"lastStatement":6,"seen":{"s:7:28:14:Infinity":0,"f:17:9:17:39":0,"s:18:65:18:Infinity":1,"s:20:8:20:Infinity":2,"s:21:15:21:Infinity":3,"s:22:21:22:Infinity":4,"s:24:2:34:Infinity":5}}}
,"/home/manupc/Desktop/calendar/frontend/src/components/TimeGrid/TimeGrid.tsx": {"path":"/home/manupc/Desktop/calendar/frontend/src/components/TimeGrid/TimeGrid.tsx","statementMap":{"0":{"start":{"line":12,"column":40},"end":{"line":12,"column":null}},"1":{"start":{"line":15,"column":16},"end":{"line":18,"column":null}},"2":{"start":{"line":17,"column":14},"end":{"line":17,"column":null}},"3":{"start":{"line":21,"column":21},"end":{"line":21,"column":null}},"4":{"start":{"line":23,"column":2},"end":{"line":54,"column":null}},"5":{"start":{"line":27,"column":10},"end":{"line":37,"column":null}},"6":{"start":{"line":30,"column":14},"end":{"line":35,"column":null}},"7":{"start":{"line":42,"column":14},"end":{"line":42,"column":null}},"8":{"start":{"line":43,"column":8},"end":{"line":51,"column":null}}},"fnMap":{"0":{"name":"TimeGrid","decl":{"start":{"line":11,"column":16},"end":{"line":11,"column":25}},"loc":{"start":{"line":11,"column":85},"end":{"line":56,"column":null}},"line":11},"1":{"name":"(anonymous_1)","decl":{"start":{"line":17,"column":4},"end":{"line":17,"column":5}},"loc":{"start":{"line":17,"column":14},"end":{"line":17,"column":null}},"line":17},"2":{"name":"(anonymous_2)","decl":{"start":{"line":26,"column":19},"end":{"line":26,"column":null}},"loc":{"start":{"line":27,"column":10},"end":{"line":37,"column":null}},"line":27},"3":{"name":"(anonymous_3)","decl":{"start":{"line":29,"column":34},"end":{"line":29,"column":35}},"loc":{"start":{"line":30,"column":14},"end":{"line":35,"column":null}},"line":30},"4":{"name":"(anonymous_4)","decl":{"start":{"line":41,"column":22},"end":{"line":41,"column":31}},"loc":{"start":{"line":41,"column":31},"end":{"line":53,"column":7}},"line":41}},"branchMap":{},"s":{"0":0,"1":0,"2":0,"3":0,"4":0,"5":0,"6":0,"7":0,"8":0},"f":{"0":0,"1":0,"2":0,"3":0,"4":0},"b":{},"meta":{"lastBranch":0,"lastFunction":5,"lastStatement":9,"seen":{"f:11:16:11:25":0,"s:12:40:12:Infinity":0,"s:15:16:18:Infinity":1,"f:17:4:17:5":1,"s:17:14:17:Infinity":2,"s:21:21:21:Infinity":3,"s:23:2:54:Infinity":4,"f:26:19:26:Infinity":2,"s:27:10:37:Infinity":5,"f:29:34:29:35":3,"s:30:14:35:Infinity":6,"f:41:22:41:31":4,"s:42:14:42:Infinity":7,"s:43:8:51:Infinity":8}}}
,"/home/manupc/Desktop/calendar/frontend/src/components/TimeGrid/index.ts": {"path":"/home/manupc/Desktop/calendar/frontend/src/components/TimeGrid/index.ts","statementMap":{},"fnMap":{},"branchMap":{},"s":{},"f":{},"b":{},"meta":{"lastBranch":0,"lastFunction":0,"lastStatement":0,"seen":{}}}
,"/home/manupc/Desktop/calendar/frontend/src/components/WeekHeader/WeekHeader.tsx": {"path":"/home/manupc/Desktop/calendar/frontend/src/components/WeekHeader/WeekHeader.tsx","statementMap":{"0":{"start":{"line":8,"column":22},"end":{"line":8,"column":null}},"1":{"start":{"line":10,"column":2},"end":{"line":27,"column":null}},"2":{"start":{"line":14,"column":14},"end":{"line":14,"column":null}},"3":{"start":{"line":15,"column":14},"end":{"line":15,"column":null}},"4":{"start":{"line":16,"column":26},"end":{"line":16,"column":null}},"5":{"start":{"line":18,"column":8},"end":{"line":24,"column":null}}},"fnMap":{"0":{"name":"WeekHeader","decl":{"start":{"line":7,"column":16},"end":{"line":7,"column":43}},"loc":{"start":{"line":7,"column":43},"end":{"line":29,"column":null}},"line":7},"1":{"name":"(anonymous_1)","decl":{"start":{"line":13,"column":28},"end":{"line":13,"column":29}},"loc":{"start":{"line":13,"column":37},"end":{"line":26,"column":7}},"line":13}},"branchMap":{},"s":{"0":0,"1":0,"2":0,"3":0,"4":0,"5":0},"f":{"0":0,"1":0},"b":{},"meta":{"lastBranch":0,"lastFunction":2,"lastStatement":6,"seen":{"f:7:16:7:43":0,"s:8:22:8:Infinity":0,"s:10:2:27:Infinity":1,"f:13:28:13:29":1,"s:14:14:14:Infinity":2,"s:15:14:15:Infinity":3,"s:16:26:16:Infinity":4,"s:18:8:24:Infinity":5}}}
,"/home/manupc/Desktop/calendar/frontend/src/components/WeekHeader/index.ts": {"path":"/home/manupc/Desktop/calendar/frontend/src/components/WeekHeader/index.ts","statementMap":{},"fnMap":{},"branchMap":{},"s":{},"f":{},"b":{},"meta":{"lastBranch":0,"lastFunction":0,"lastStatement":0,"seen":{}}}
,"/home/manupc/Desktop/calendar/frontend/src/components/basics/index.ts": {"path":"/home/manupc/Desktop/calendar/frontend/src/components/basics/index.ts","statementMap":{},"fnMap":{},"branchMap":{},"s":{},"f":{},"b":{},"meta":{"lastBranch":0,"lastFunction":0,"lastStatement":0,"seen":{}}}
,"/home/manupc/Desktop/calendar/frontend/src/components/basics/Calendar/index.ts": {"path":"/home/manupc/Desktop/calendar/frontend/src/components/basics/Calendar/index.ts","statementMap":{},"fnMap":{},"branchMap":{},"s":{},"f":{},"b":{},"meta":{"lastBranch":0,"lastFunction":0,"lastStatement":0,"seen":{}}}
,"/home/manupc/Desktop/calendar/frontend/src/components/basics/Calendar/DayHeaderCell/DayHeaderCell.tsx": {"path":"/home/manupc/Desktop/calendar/frontend/src/components/basics/Calendar/DayHeaderCell/DayHeaderCell.tsx","statementMap":{"0":{"start":{"line":6,"column":2},"end":{"line":10,"column":null}}},"fnMap":{"0":{"name":"DayHeaderCell","decl":{"start":{"line":5,"column":16},"end":{"line":5,"column":30}},"loc":{"start":{"line":5,"column":97},"end":{"line":12,"column":null}},"line":5}},"branchMap":{},"s":{"0":5},"f":{"0":5},"b":{},"meta":{"lastBranch":0,"lastFunction":1,"lastStatement":1,"seen":{"f:5:16:5:30":0,"s:6:2:10:Infinity":0}}}
,"/home/manupc/Desktop/calendar/frontend/src/components/basics/Calendar/DayHeaderCell/index.ts": {"path":"/home/manupc/Desktop/calendar/frontend/src/components/basics/Calendar/DayHeaderCell/index.ts","statementMap":{},"fnMap":{},"branchMap":{},"s":{},"f":{},"b":{},"meta":{"lastBranch":0,"lastFunction":0,"lastStatement":0,"seen":{}}}
,"/home/manupc/Desktop/calendar/frontend/src/components/basics/Calendar/TimeSlot/TimeSlot.tsx": {"path":"/home/manupc/Desktop/calendar/frontend/src/components/basics/Calendar/TimeSlot/TimeSlot.tsx","statementMap":{"0":{"start":{"line":6,"column":22},"end":{"line":8,"column":null}},"1":{"start":{"line":7,"column":4},"end":{"line":7,"column":null}},"2":{"start":{"line":10,"column":2},"end":{"line":10,"column":null}}},"fnMap":{"0":{"name":"TimeSlot","decl":{"start":{"line":5,"column":16},"end":{"line":5,"column":25}},"loc":{"start":{"line":5,"column":79},"end":{"line":11,"column":null}},"line":5},"1":{"name":"(anonymous_1)","decl":{"start":{"line":6,"column":22},"end":{"line":6,"column":34}},"loc":{"start":{"line":6,"column":34},"end":{"line":8,"column":null}},"line":6}},"branchMap":{},"s":{"0":4,"1":3,"2":4},"f":{"0":4,"1":3},"b":{},"meta":{"lastBranch":0,"lastFunction":2,"lastStatement":3,"seen":{"f:5:16:5:25":0,"s:6:22:8:Infinity":0,"f:6:22:6:34":1,"s:7:4:7:Infinity":1,"s:10:2:10:Infinity":2}}}
,"/home/manupc/Desktop/calendar/frontend/src/components/basics/Calendar/TimeSlot/index.ts": {"path":"/home/manupc/Desktop/calendar/frontend/src/components/basics/Calendar/TimeSlot/index.ts","statementMap":{},"fnMap":{},"branchMap":{},"s":{},"f":{},"b":{},"meta":{"lastBranch":0,"lastFunction":0,"lastStatement":0,"seen":{}}}
,"/home/manupc/Desktop/calendar/frontend/src/components/basics/Form/Form.tsx": {"path":"/home/manupc/Desktop/calendar/frontend/src/components/basics/Form/Form.tsx","statementMap":{"0":{"start":{"line":8,"column":23},"end":{"line":11,"column":null}},"1":{"start":{"line":9,"column":4},"end":{"line":9,"column":null}},"2":{"start":{"line":10,"column":4},"end":{"line":10,"column":null}},"3":{"start":{"line":13,"column":2},"end":{"line":16,"column":null}}},"fnMap":{"0":{"name":"Form","decl":{"start":{"line":7,"column":9},"end":{"line":7,"column":14}},"loc":{"start":{"line":7,"column":73},"end":{"line":18,"column":null}},"line":7},"1":{"name":"(anonymous_1)","decl":{"start":{"line":8,"column":23},"end":{"line":8,"column":24}},"loc":{"start":{"line":8,"column":64},"end":{"line":11,"column":null}},"line":8}},"branchMap":{},"s":{"0":5,"1":3,"2":3,"3":5},"f":{"0":5,"1":3},"b":{},"meta":{"lastBranch":0,"lastFunction":2,"lastStatement":4,"seen":{"f:7:9:7:14":0,"s:8:23:11:Infinity":0,"f:8:23:8:24":1,"s:9:4:9:Infinity":1,"s:10:4:10:Infinity":2,"s:13:2:16:Infinity":3}}}
,"/home/manupc/Desktop/calendar/frontend/src/components/basics/Form/index.ts": {"path":"/home/manupc/Desktop/calendar/frontend/src/components/basics/Form/index.ts","statementMap":{},"fnMap":{},"branchMap":{},"s":{},"f":{},"b":{},"meta":{"lastBranch":0,"lastFunction":0,"lastStatement":0,"seen":{}}}
,"/home/manupc/Desktop/calendar/frontend/src/components/basics/Form/InputFields/InputFields.styles.ts": {"path":"/home/manupc/Desktop/calendar/frontend/src/components/basics/Form/InputFields/InputFields.styles.ts","statementMap":{"0":{"start":{"line":3,"column":24},"end":{"line":7,"column":null}},"1":{"start":{"line":9,"column":35},"end":{"line":13,"column":null}}},"fnMap":{},"branchMap":{},"s":{"0":1,"1":1},"f":{},"b":{},"meta":{"lastBranch":0,"lastFunction":0,"lastStatement":2,"seen":{"s:3:24:7:Infinity":0,"s:9:35:13:Infinity":1}}}
,"/home/manupc/Desktop/calendar/frontend/src/components/basics/Form/InputFields/InputFields.tsx": {"path":"/home/manupc/Desktop/calendar/frontend/src/components/basics/Form/InputFields/InputFields.tsx","statementMap":{"0":{"start":{"line":17,"column":2},"end":{"line":29,"column":null}},"1":{"start":{"line":34,"column":2},"end":{"line":34,"column":null}},"2":{"start":{"line":38,"column":2},"end":{"line":38,"column":null}},"3":{"start":{"line":42,"column":2},"end":{"line":49,"column":null}}},"fnMap":{"0":{"name":"BaseField","decl":{"start":{"line":8,"column":9},"end":{"line":8,"column":19}},"loc":{"start":{"line":16,"column":43},"end":{"line":31,"column":null}},"line":16},"1":{"name":"TextField","decl":{"start":{"line":33,"column":9},"end":{"line":33,"column":19}},"loc":{"start":{"line":33,"column":57},"end":{"line":35,"column":null}},"line":33},"2":{"name":"TimeField","decl":{"start":{"line":37,"column":9},"end":{"line":37,"column":19}},"loc":{"start":{"line":37,"column":57},"end":{"line":39,"column":null}},"line":37},"3":{"name":"StartToEndInputField","decl":{"start":{"line":41,"column":9},"end":{"line":41,"column":30}},"loc":{"start":{"line":41,"column":109},"end":{"line":50,"column":null}},"line":41}},"branchMap":{"0":{"loc":{"start":{"line":28,"column":7},"end":{"line":28,"column":null}},"type":"binary-expr","locations":[{"start":{"line":28,"column":7},"end":{"line":28,"column":16}},{"start":{"line":28,"column":16},"end":{"line":28,"column":null}}],"line":28}},"s":{"0":14,"1":6,"2":8,"3":4},"f":{"0":14,"1":6,"2":8,"3":4},"b":{"0":[14,3]},"meta":{"lastBranch":1,"lastFunction":4,"lastStatement":4,"seen":{"f:8:9:8:19":0,"s:17:2:29:Infinity":0,"b:28:7:28:16:28:16:28:Infinity":0,"f:33:9:33:19":1,"s:34:2:34:Infinity":1,"f:37:9:37:19":2,"s:38:2:38:Infinity":2,"f:41:9:41:30":3,"s:42:2:49:Infinity":3}}}
,"/home/manupc/Desktop/calendar/frontend/src/components/basics/Form/InputFields/index.ts": {"path":"/home/manupc/Desktop/calendar/frontend/src/components/basics/Form/InputFields/index.ts","statementMap":{},"fnMap":{},"branchMap":{},"s":{},"f":{},"b":{},"meta":{"lastBranch":0,"lastFunction":0,"lastStatement":0,"seen":{}}}
,"/home/manupc/Desktop/calendar/frontend/src/components/basics/Form/components/ErrorMessage.tsx": {"path":"/home/manupc/Desktop/calendar/frontend/src/components/basics/Form/components/ErrorMessage.tsx","statementMap":{"0":{"start":{"line":8,"column":2},"end":{"line":9,"column":null}}},"fnMap":{"0":{"name":"ErrorMessage","decl":{"start":{"line":7,"column":9},"end":{"line":7,"column":22}},"loc":{"start":{"line":7,"column":59},"end":{"line":11,"column":null}},"line":7}},"branchMap":{},"s":{"0":5},"f":{"0":5},"b":{},"meta":{"lastBranch":0,"lastFunction":1,"lastStatement":1,"seen":{"f:7:9:7:22":0,"s:8:2:9:Infinity":0}}}
,"/home/manupc/Desktop/calendar/frontend/src/components/basics/Form/components/Input.tsx": {"path":"/home/manupc/Desktop/calendar/frontend/src/components/basics/Form/components/Input.tsx","statementMap":{"0":{"start":{"line":13,"column":2},"end":{"line":19,"column":null}},"1":{"start":{"line":17,"column":23},"end":{"line":17,"column":null}}},"fnMap":{"0":{"name":"Input","decl":{"start":{"line":7,"column":16},"end":{"line":7,"column":22}},"loc":{"start":{"line":12,"column":29},"end":{"line":21,"column":null}},"line":12},"1":{"name":"(anonymous_1)","decl":{"start":{"line":17,"column":16},"end":{"line":17,"column":17}},"loc":{"start":{"line":17,"column":23},"end":{"line":17,"column":null}},"line":17}},"branchMap":{},"s":{"0":19,"1":4},"f":{"0":19,"1":4},"b":{},"meta":{"lastBranch":0,"lastFunction":2,"lastStatement":2,"seen":{"f:7:16:7:22":0,"s:13:2:19:Infinity":0,"f:17:16:17:17":1,"s:17:23:17:Infinity":1}}}
,"/home/manupc/Desktop/calendar/frontend/src/components/basics/Form/components/Label.tsx": {"path":"/home/manupc/Desktop/calendar/frontend/src/components/basics/Form/components/Label.tsx","statementMap":{"0":{"start":{"line":7,"column":2},"end":{"line":8,"column":null}}},"fnMap":{"0":{"name":"Label","decl":{"start":{"line":6,"column":9},"end":{"line":6,"column":15}},"loc":{"start":{"line":6,"column":58},"end":{"line":10,"column":null}},"line":6}},"branchMap":{},"s":{"0":16},"f":{"0":16},"b":{},"meta":{"lastBranch":0,"lastFunction":1,"lastStatement":1,"seen":{"f:6:9:6:15":0,"s:7:2:8:Infinity":0}}}
,"/home/manupc/Desktop/calendar/frontend/src/components/basics/Form/components/index.ts": {"path":"/home/manupc/Desktop/calendar/frontend/src/components/basics/Form/components/index.ts","statementMap":{},"fnMap":{},"branchMap":{},"s":{},"f":{},"b":{},"meta":{"lastBranch":0,"lastFunction":0,"lastStatement":0,"seen":{}}}
,"/home/manupc/Desktop/calendar/frontend/src/components/basics/Modal/Modal.tsx": {"path":"/home/manupc/Desktop/calendar/frontend/src/components/basics/Modal/Modal.tsx","statementMap":{"0":{"start":{"line":7,"column":2},"end":{"line":9,"column":null}},"1":{"start":{"line":8,"column":4},"end":{"line":8,"column":null}},"2":{"start":{"line":11,"column":29},"end":{"line":13,"column":null}},"3":{"start":{"line":12,"column":4},"end":{"line":12,"column":null}},"4":{"start":{"line":15,"column":27},"end":{"line":17,"column":null}},"5":{"start":{"line":16,"column":4},"end":{"line":16,"column":null}},"6":{"start":{"line":20,"column":2},"end":{"line":26,"column":null}}},"fnMap":{"0":{"name":"Modal","decl":{"start":{"line":6,"column":9},"end":{"line":6,"column":15}},"loc":{"start":{"line":6,"column":90},"end":{"line":28,"column":null}},"line":6},"1":{"name":"(anonymous_1)","decl":{"start":{"line":11,"column":29},"end":{"line":11,"column":41}},"loc":{"start":{"line":11,"column":41},"end":{"line":13,"column":null}},"line":11},"2":{"name":"(anonymous_2)","decl":{"start":{"line":15,"column":27},"end":{"line":15,"column":28}},"loc":{"start":{"line":15,"column":58},"end":{"line":17,"column":null}},"line":15}},"branchMap":{"0":{"loc":{"start":{"line":7,"column":2},"end":{"line":9,"column":null}},"type":"if","locations":[{"start":{"line":7,"column":2},"end":{"line":9,"column":null}},{"start":{},"end":{}}],"line":7},"1":{"loc":{"start":{"line":23,"column":9},"end":{"line":23,"column":null}},"type":"binary-expr","locations":[{"start":{"line":23,"column":9},"end":{"line":23,"column":18}},{"start":{"line":23,"column":18},"end":{"line":23,"column":null}}],"line":23}},"s":{"0":6,"1":1,"2":5,"3":1,"4":5,"5":1,"6":5},"f":{"0":6,"1":1,"2":1},"b":{"0":[1,5],"1":[5,1]},"meta":{"lastBranch":2,"lastFunction":3,"lastStatement":7,"seen":{"f:6:9:6:15":0,"b:7:2:9:Infinity:undefined:undefined:undefined:undefined":0,"s:7:2:9:Infinity":0,"s:8:4:8:Infinity":1,"s:11:29:13:Infinity":2,"f:11:29:11:41":1,"s:12:4:12:Infinity":3,"s:15:27:17:Infinity":4,"f:15:27:15:28":2,"s:16:4:16:Infinity":5,"s:20:2:26:Infinity":6,"b:23:9:23:18:23:18:23:Infinity":1}}}
,"/home/manupc/Desktop/calendar/frontend/src/components/basics/Modal/index.ts": {"path":"/home/manupc/Desktop/calendar/frontend/src/components/basics/Modal/index.ts","statementMap":{},"fnMap":{},"branchMap":{},"s":{},"f":{},"b":{},"meta":{"lastBranch":0,"lastFunction":0,"lastStatement":0,"seen":{}}}
,"/home/manupc/Desktop/calendar/frontend/src/components/basics/Styles/constants.ts": {"path":"/home/manupc/Desktop/calendar/frontend/src/components/basics/Styles/constants.ts","statementMap":{"0":{"start":{"line":5,"column":14},"end":{"line":21,"column":null}},"1":{"start":{"line":23,"column":15},"end":{"line":42,"column":null}},"2":{"start":{"line":44,"column":16},"end":{"line":50,"column":null}},"3":{"start":{"line":52,"column":17},"end":{"line":55,"column":null}},"4":{"start":{"line":57,"column":21},"end":{"line":60,"column":null}},"5":{"start":{"line":62,"column":16},"end":{"line":68,"column":null}},"6":{"start":{"line":70,"column":17},"end":{"line":79,"column":null}},"7":{"start":{"line":81,"column":20},"end":{"line":85,"column":null}},"8":{"start":{"line":87,"column":16},"end":{"line":90,"column":null}},"9":{"start":{"line":92,"column":16},"end":{"line":95,"column":null}}},"fnMap":{},"branchMap":{},"s":{"0":8,"1":8,"2":8,"3":8,"4":8,"5":8,"6":8,"7":8,"8":8,"9":8},"f":{},"b":{},"meta":{"lastBranch":0,"lastFunction":0,"lastStatement":10,"seen":{"s:5:14:21:Infinity":0,"s:23:15:42:Infinity":1,"s:44:16:50:Infinity":2,"s:52:17:55:Infinity":3,"s:57:21:60:Infinity":4,"s:62:16:68:Infinity":5,"s:70:17:79:Infinity":6,"s:81:20:85:Infinity":7,"s:87:16:90:Infinity":8,"s:92:16:95:Infinity":9}}}
,"/home/manupc/Desktop/calendar/frontend/src/components/basics/Styles/index.ts": {"path":"/home/manupc/Desktop/calendar/frontend/src/components/basics/Styles/index.ts","statementMap":{},"fnMap":{},"branchMap":{},"s":{},"f":{},"b":{},"meta":{"lastBranch":0,"lastFunction":0,"lastStatement":0,"seen":{}}}
,"/home/manupc/Desktop/calendar/frontend/src/components/basics/Table/Pagination.tsx": {"path":"/home/manupc/Desktop/calendar/frontend/src/components/basics/Table/Pagination.tsx","statementMap":{"0":{"start":{"line":17,"column":25},"end":{"line":50,"column":null}},"1":{"start":{"line":18,"column":28},"end":{"line":18,"column":null}},"2":{"start":{"line":19,"column":27},"end":{"line":19,"column":null}},"3":{"start":{"line":21,"column":4},"end":{"line":47,"column":null}},"4":{"start":{"line":22,"column":6},"end":{"line":24,"column":null}},"5":{"start":{"line":22,"column":19},"end":{"line":22,"column":22}},"6":{"start":{"line":23,"column":8},"end":{"line":23,"column":null}},"7":{"start":{"line":26,"column":6},"end":{"line":46,"column":null}},"8":{"start":{"line":27,"column":8},"end":{"line":29,"column":null}},"9":{"start":{"line":27,"column":21},"end":{"line":27,"column":24}},"10":{"start":{"line":28,"column":10},"end":{"line":28,"column":null}},"11":{"start":{"line":30,"column":8},"end":{"line":30,"column":null}},"12":{"start":{"line":31,"column":8},"end":{"line":31,"column":null}},"13":{"start":{"line":32,"column":6},"end":{"line":46,"column":null}},"14":{"start":{"line":33,"column":8},"end":{"line":33,"column":null}},"15":{"start":{"line":34,"column":8},"end":{"line":34,"column":null}},"16":{"start":{"line":35,"column":8},"end":{"line":37,"column":null}},"17":{"start":{"line":35,"column":21},"end":{"line":35,"column":37}},"18":{"start":{"line":36,"column":10},"end":{"line":36,"column":null}},"19":{"start":{"line":39,"column":8},"end":{"line":39,"column":null}},"20":{"start":{"line":40,"column":8},"end":{"line":40,"column":null}},"21":{"start":{"line":41,"column":8},"end":{"line":41,"column":null}},"22":{"start":{"line":42,"column":8},"end":{"line":42,"column":null}},"23":{"start":{"line":43,"column":8},"end":{"line":43,"column":null}},"24":{"start":{"line":44,"column":8},"end":{"line":44,"column":null}},"25":{"start":{"line":45,"column":8},"end":{"line":45,"column":null}},"26":{"start":{"line":49,"column":4},"end":{"line":49,"column":null}},"27":{"start":{"line":52,"column":25},"end":{"line":56,"column":null}},"28":{"start":{"line":53,"column":4},"end":{"line":55,"column":null}},"29":{"start":{"line":54,"column":6},"end":{"line":54,"column":null}},"30":{"start":{"line":58,"column":21},"end":{"line":62,"column":null}},"31":{"start":{"line":59,"column":4},"end":{"line":61,"column":null}},"32":{"start":{"line":60,"column":6},"end":{"line":60,"column":null}},"33":{"start":{"line":64,"column":22},"end":{"line":64,"column":null}},"34":{"start":{"line":66,"column":2},"end":{"line":111,"column":null}},"35":{"start":{"line":81,"column":12},"end":{"line":91,"column":null}},"36":{"start":{"line":82,"column":31},"end":{"line":82,"column":null}},"37":{"start":{"line":83,"column":14},"end":{"line":89,"column":null}},"38":{"start":{"line":92,"column":12},"end":{"line":99,"column":null}},"39":{"start":{"line":95,"column":31},"end":{"line":95,"column":null}}},"fnMap":{"0":{"name":"Pagination","decl":{"start":{"line":12,"column":9},"end":{"line":12,"column":20}},"loc":{"start":{"line":16,"column":34},"end":{"line":113,"column":null}},"line":16},"1":{"name":"(anonymous_1)","decl":{"start":{"line":17,"column":25},"end":{"line":17,"column":41}},"loc":{"start":{"line":17,"column":41},"end":{"line":50,"column":null}},"line":17},"2":{"name":"(anonymous_2)","decl":{"start":{"line":52,"column":25},"end":{"line":52,"column":37}},"loc":{"start":{"line":52,"column":37},"end":{"line":56,"column":null}},"line":52},"3":{"name":"(anonymous_3)","decl":{"start":{"line":58,"column":21},"end":{"line":58,"column":33}},"loc":{"start":{"line":58,"column":33},"end":{"line":62,"column":null}},"line":58},"4":{"name":"(anonymous_4)","decl":{"start":{"line":80,"column":27},"end":{"line":80,"column":28}},"loc":{"start":{"line":80,"column":44},"end":{"line":101,"column":11}},"line":80},"5":{"name":"(anonymous_5)","decl":{"start":{"line":95,"column":25},"end":{"line":95,"column":31}},"loc":{"start":{"line":95,"column":31},"end":{"line":95,"column":null}},"line":95}},"branchMap":{"0":{"loc":{"start":{"line":21,"column":4},"end":{"line":47,"column":null}},"type":"if","locations":[{"start":{"line":21,"column":4},"end":{"line":47,"column":null}},{"start":{"line":25,"column":11},"end":{"line":47,"column":null}}],"line":21},"1":{"loc":{"start":{"line":26,"column":6},"end":{"line":46,"column":null}},"type":"if","locations":[{"start":{"line":26,"column":6},"end":{"line":46,"column":null}},{"start":{"line":32,"column":6},"end":{"line":46,"column":null}}],"line":26},"2":{"loc":{"start":{"line":32,"column":6},"end":{"line":46,"column":null}},"type":"if","locations":[{"start":{"line":32,"column":6},"end":{"line":46,"column":null}},{"start":{"line":38,"column":13},"end":{"line":46,"column":null}}],"line":32},"3":{"loc":{"start":{"line":53,"column":4},"end":{"line":55,"column":null}},"type":"if","locations":[{"start":{"line":53,"column":4},"end":{"line":55,"column":null}},{"start":{},"end":{}}],"line":53},"4":{"loc":{"start":{"line":59,"column":4},"end":{"line":61,"column":null}},"type":"if","locations":[{"start":{"line":59,"column":4},"end":{"line":61,"column":null}},{"start":{},"end":{}}],"line":59},"5":{"loc":{"start":{"line":81,"column":12},"end":{"line":91,"column":null}},"type":"if","locations":[{"start":{"line":81,"column":12},"end":{"line":91,"column":null}},{"start":{},"end":{}}],"line":81},"6":{"loc":{"start":{"line":82,"column":31},"end":{"line":82,"column":null}},"type":"cond-expr","locations":[{"start":{"line":82,"column":43},"end":{"line":82,"column":68}},{"start":{"line":82,"column":68},"end":{"line":82,"column":null}}],"line":82}},"s":{"0":0,"1":0,"2":0,"3":0,"4":0,"5":0,"6":0,"7":0,"8":0,"9":0,"10":0,"11":0,"12":0,"13":0,"14":0,"15":0,"16":0,"17":0,"18":0,"19":0,"20":0,"21":0,"22":0,"23":0,"24":0,"25":0,"26":0,"27":0,"28":0,"29":0,"30":0,"31":0,"32":0,"33":0,"34":0,"35":0,"36":0,"37":0,"38":0,"39":0},"f":{"0":0,"1":0,"2":0,"3":0,"4":0,"5":0},"b":{"0":[0,0],"1":[0,0],"2":[0,0],"3":[0,0],"4":[0,0],"5":[0,0],"6":[0,0]},"meta":{"lastBranch":7,"lastFunction":6,"lastStatement":40,"seen":{"f:12:9:12:20":0,"s:17:25:50:Infinity":0,"f:17:25:17:41":1,"s:18:28:18:Infinity":1,"s:19:27:19:Infinity":2,"b:21:4:47:Infinity:25:11:47:Infinity":0,"s:21:4:47:Infinity":3,"s:22:6:24:Infinity":4,"s:22:19:22:22":5,"s:23:8:23:Infinity":6,"b:26:6:46:Infinity:32:6:46:Infinity":1,"s:26:6:46:Infinity":7,"s:27:8:29:Infinity":8,"s:27:21:27:24":9,"s:28:10:28:Infinity":10,"s:30:8:30:Infinity":11,"s:31:8:31:Infinity":12,"b:32:6:46:Infinity:38:13:46:Infinity":2,"s:32:6:46:Infinity":13,"s:33:8:33:Infinity":14,"s:34:8:34:Infinity":15,"s:35:8:37:Infinity":16,"s:35:21:35:37":17,"s:36:10:36:Infinity":18,"s:39:8:39:Infinity":19,"s:40:8:40:Infinity":20,"s:41:8:41:Infinity":21,"s:42:8:42:Infinity":22,"s:43:8:43:Infinity":23,"s:44:8:44:Infinity":24,"s:45:8:45:Infinity":25,"s:49:4:49:Infinity":26,"s:52:25:56:Infinity":27,"f:52:25:52:37":2,"b:53:4:55:Infinity:undefined:undefined:undefined:undefined":3,"s:53:4:55:Infinity":28,"s:54:6:54:Infinity":29,"s:58:21:62:Infinity":30,"f:58:21:58:33":3,"b:59:4:61:Infinity:undefined:undefined:undefined:undefined":4,"s:59:4:61:Infinity":31,"s:60:6:60:Infinity":32,"s:64:22:64:Infinity":33,"s:66:2:111:Infinity":34,"f:80:27:80:28":4,"b:81:12:91:Infinity:undefined:undefined:undefined:undefined":5,"s:81:12:91:Infinity":35,"s:82:31:82:Infinity":36,"b:82:43:82:68:82:68:82:Infinity":6,"s:83:14:89:Infinity":37,"s:92:12:99:Infinity":38,"f:95:25:95:31":5,"s:95:31:95:Infinity":39}}}
,"/home/manupc/Desktop/calendar/frontend/src/components/basics/Table/Table.example.tsx": {"path":"/home/manupc/Desktop/calendar/frontend/src/components/basics/Table/Table.example.tsx","statementMap":{"0":{"start":{"line":14,"column":32},"end":{"line":17,"column":null}},"1":{"start":{"line":18,"column":36},"end":{"line":18,"column":null}},"2":{"start":{"line":20,"column":24},"end":{"line":26,"column":null}},"3":{"start":{"line":28,"column":44},"end":{"line":54,"column":null}},"4":{"start":{"line":49,"column":8},"end":{"line":51,"column":null}},"5":{"start":{"line":56,"column":21},"end":{"line":58,"column":null}},"6":{"start":{"line":57,"column":4},"end":{"line":57,"column":null}},"7":{"start":{"line":60,"column":22},"end":{"line":72,"column":null}},"8":{"start":{"line":61,"column":4},"end":{"line":63,"column":null}},"9":{"start":{"line":62,"column":6},"end":{"line":62,"column":null}},"10":{"start":{"line":65,"column":19},"end":{"line":65,"column":null}},"11":{"start":{"line":66,"column":19},"end":{"line":66,"column":null}},"12":{"start":{"line":68,"column":4},"end":{"line":70,"column":null}},"13":{"start":{"line":69,"column":6},"end":{"line":69,"column":null}},"14":{"start":{"line":71,"column":4},"end":{"line":71,"column":null}},"15":{"start":{"line":74,"column":2},"end":{"line":89,"column":null}},"16":{"start":{"line":80,"column":29},"end":{"line":80,"column":null}}},"fnMap":{"0":{"name":"TableExample","decl":{"start":{"line":13,"column":9},"end":{"line":13,"column":38}},"loc":{"start":{"line":13,"column":38},"end":{"line":91,"column":null}},"line":13},"1":{"name":"(anonymous_1)","decl":{"start":{"line":48,"column":14},"end":{"line":48,"column":15}},"loc":{"start":{"line":49,"column":8},"end":{"line":51,"column":null}},"line":49},"2":{"name":"(anonymous_2)","decl":{"start":{"line":56,"column":21},"end":{"line":56,"column":22}},"loc":{"start":{"line":56,"column":56},"end":{"line":58,"column":null}},"line":56},"3":{"name":"(anonymous_3)","decl":{"start":{"line":60,"column":38},"end":{"line":60,"column":39}},"loc":{"start":{"line":60,"column":48},"end":{"line":72,"column":3}},"line":60},"4":{"name":"(anonymous_4)","decl":{"start":{"line":80,"column":19},"end":{"line":80,"column":20}},"loc":{"start":{"line":80,"column":29},"end":{"line":80,"column":null}},"line":80}},"branchMap":{"0":{"loc":{"start":{"line":49,"column":30},"end":{"line":49,"column":79}},"type":"cond-expr","locations":[{"start":{"line":49,"column":57},"end":{"line":49,"column":69}},{"start":{"line":49,"column":69},"end":{"line":49,"column":79}}],"line":49},"1":{"loc":{"start":{"line":61,"column":4},"end":{"line":63,"column":null}},"type":"if","locations":[{"start":{"line":61,"column":4},"end":{"line":63,"column":null}},{"start":{},"end":{}}],"line":61},"2":{"loc":{"start":{"line":68,"column":4},"end":{"line":70,"column":null}},"type":"if","locations":[{"start":{"line":68,"column":4},"end":{"line":70,"column":null}},{"start":{},"end":{}}],"line":68}},"s":{"0":0,"1":0,"2":0,"3":0,"4":0,"5":0,"6":0,"7":0,"8":0,"9":0,"10":0,"11":0,"12":0,"13":0,"14":0,"15":0,"16":0},"f":{"0":0,"1":0,"2":0,"3":0,"4":0},"b":{"0":[0,0],"1":[0,0],"2":[0,0]},"meta":{"lastBranch":3,"lastFunction":5,"lastStatement":17,"seen":{"f:13:9:13:38":0,"s:14:32:17:Infinity":0,"s:18:36:18:Infinity":1,"s:20:24:26:Infinity":2,"s:28:44:54:Infinity":3,"f:48:14:48:15":1,"s:49:8:51:Infinity":4,"b:49:57:49:69:49:69:49:79":0,"s:56:21:58:Infinity":5,"f:56:21:56:22":2,"s:57:4:57:Infinity":6,"s:60:22:72:Infinity":7,"f:60:38:60:39":3,"b:61:4:63:Infinity:undefined:undefined:undefined:undefined":1,"s:61:4:63:Infinity":8,"s:62:6:62:Infinity":9,"s:65:19:65:Infinity":10,"s:66:19:66:Infinity":11,"b:68:4:70:Infinity:undefined:undefined:undefined:undefined":2,"s:68:4:70:Infinity":12,"s:69:6:69:Infinity":13,"s:71:4:71:Infinity":14,"s:74:2:89:Infinity":15,"f:80:19:80:20":4,"s:80:29:80:Infinity":16}}}
,"/home/manupc/Desktop/calendar/frontend/src/components/basics/Table/Table.tsx": {"path":"/home/manupc/Desktop/calendar/frontend/src/components/basics/Table/Table.tsx","statementMap":{"0":{"start":{"line":23,"column":2},"end":{"line":31,"column":null}},"1":{"start":{"line":43,"column":21},"end":{"line":64,"column":null}},"2":{"start":{"line":44,"column":4},"end":{"line":46,"column":null}},"3":{"start":{"line":45,"column":6},"end":{"line":45,"column":null}},"4":{"start":{"line":48,"column":46},"end":{"line":48,"column":null}},"5":{"start":{"line":50,"column":4},"end":{"line":58,"column":null}},"6":{"start":{"line":51,"column":6},"end":{"line":57,"column":null}},"7":{"start":{"line":52,"column":8},"end":{"line":52,"column":null}},"8":{"start":{"line":53,"column":6},"end":{"line":57,"column":null}},"9":{"start":{"line":54,"column":8},"end":{"line":54,"column":null}},"10":{"start":{"line":56,"column":8},"end":{"line":56,"column":null}},"11":{"start":{"line":60,"column":4},"end":{"line":63,"column":null}},"12":{"start":{"line":66,"column":25},"end":{"line":68,"column":null}},"13":{"start":{"line":67,"column":4},"end":{"line":67,"column":null}},"14":{"start":{"line":70,"column":2},"end":{"line":111,"column":null}},"15":{"start":{"line":76,"column":14},"end":{"line":85,"column":null}},"16":{"start":{"line":84,"column":31},"end":{"line":84,"column":null}},"17":{"start":{"line":98,"column":14},"end":{"line":106,"column":null}},"18":{"start":{"line":100,"column":18},"end":{"line":104,"column":null}}},"fnMap":{"0":{"name":"TableHeaderCell","decl":{"start":{"line":16,"column":9},"end":{"line":16,"column":25}},"loc":{"start":{"line":22,"column":35},"end":{"line":33,"column":null}},"line":22},"1":{"name":"Table","decl":{"start":{"line":35,"column":9},"end":{"line":35,"column":50}},"loc":{"start":{"line":42,"column":32},"end":{"line":113,"column":null}},"line":42},"2":{"name":"(anonymous_2)","decl":{"start":{"line":43,"column":21},"end":{"line":43,"column":22}},"loc":{"start":{"line":43,"column":50},"end":{"line":64,"column":null}},"line":43},"3":{"name":"(anonymous_3)","decl":{"start":{"line":66,"column":25},"end":{"line":66,"column":26}},"loc":{"start":{"line":66,"column":65},"end":{"line":68,"column":null}},"line":66},"4":{"name":"(anonymous_4)","decl":{"start":{"line":75,"column":25},"end":{"line":75,"column":26}},"loc":{"start":{"line":76,"column":14},"end":{"line":85,"column":null}},"line":76},"5":{"name":"(anonymous_5)","decl":{"start":{"line":84,"column":25},"end":{"line":84,"column":31}},"loc":{"start":{"line":84,"column":31},"end":{"line":84,"column":null}},"line":84},"6":{"name":"(anonymous_6)","decl":{"start":{"line":97,"column":21},"end":{"line":97,"column":22}},"loc":{"start":{"line":98,"column":14},"end":{"line":106,"column":null}},"line":98},"7":{"name":"(anonymous_7)","decl":{"start":{"line":99,"column":29},"end":{"line":99,"column":30}},"loc":{"start":{"line":100,"column":18},"end":{"line":104,"column":null}},"line":100}},"branchMap":{"0":{"loc":{"start":{"line":27,"column":15},"end":{"line":27,"column":null}},"type":"cond-expr","locations":[{"start":{"line":27,"column":26},"end":{"line":27,"column":36}},{"start":{"line":27,"column":36},"end":{"line":27,"column":null}}],"line":27},"1":{"loc":{"start":{"line":30,"column":7},"end":{"line":30,"column":null}},"type":"binary-expr","locations":[{"start":{"line":30,"column":7},"end":{"line":30,"column":19}},{"start":{"line":30,"column":19},"end":{"line":30,"column":null}}],"line":30},"2":{"loc":{"start":{"line":44,"column":4},"end":{"line":46,"column":null}},"type":"if","locations":[{"start":{"line":44,"column":4},"end":{"line":46,"column":null}},{"start":{},"end":{}}],"line":44},"3":{"loc":{"start":{"line":50,"column":4},"end":{"line":58,"column":null}},"type":"if","locations":[{"start":{"line":50,"column":4},"end":{"line":58,"column":null}},{"start":{},"end":{}}],"line":50},"4":{"loc":{"start":{"line":51,"column":6},"end":{"line":57,"column":null}},"type":"if","locations":[{"start":{"line":51,"column":6},"end":{"line":57,"column":null}},{"start":{"line":53,"column":6},"end":{"line":57,"column":null}}],"line":51},"5":{"loc":{"start":{"line":53,"column":6},"end":{"line":57,"column":null}},"type":"if","locations":[{"start":{"line":53,"column":6},"end":{"line":57,"column":null}},{"start":{"line":55,"column":13},"end":{"line":57,"column":null}}],"line":53},"6":{"loc":{"start":{"line":79,"column":26},"end":{"line":79,"column":null}},"type":"binary-expr","locations":[{"start":{"line":79,"column":26},"end":{"line":79,"column":45}},{"start":{"line":79,"column":45},"end":{"line":79,"column":null}}],"line":79},"7":{"loc":{"start":{"line":82,"column":18},"end":{"line":82,"column":null}},"type":"cond-expr","locations":[{"start":{"line":82,"column":50},"end":{"line":82,"column":72}},{"start":{"line":82,"column":72},"end":{"line":82,"column":null}}],"line":82},"8":{"loc":{"start":{"line":90,"column":11},"end":{"line":107,"column":null}},"type":"cond-expr","locations":[{"start":{"line":91,"column":12},"end":{"line":95,"column":null}},{"start":{"line":97,"column":12},"end":{"line":107,"column":null}}],"line":90},"9":{"loc":{"start":{"line":101,"column":21},"end":{"line":103,"column":null}},"type":"cond-expr","locations":[{"start":{"line":102,"column":24},"end":{"line":102,"column":null}},{"start":{"line":103,"column":24},"end":{"line":103,"column":null}}],"line":101},"10":{"loc":{"start":{"line":103,"column":31},"end":{"line":103,"column":68}},"type":"binary-expr","locations":[{"start":{"line":103,"column":31},"end":{"line":103,"column":66}},{"start":{"line":103,"column":66},"end":{"line":103,"column":68}}],"line":103}},"s":{"0":23,"1":8,"2":2,"3":0,"4":2,"5":2,"6":1,"7":1,"8":0,"9":0,"10":0,"11":2,"12":8,"13":38,"14":8,"15":23,"16":2,"17":14,"18":40},"f":{"0":23,"1":8,"2":2,"3":38,"4":23,"5":2,"6":14,"7":40},"b":{"0":[7,16],"1":[23,7],"2":[0,2],"3":[1,1],"4":[1,0],"5":[0,0],"6":[23,16],"7":[1,22],"8":[1,7],"9":[2,38],"10":[38,0]},"meta":{"lastBranch":11,"lastFunction":8,"lastStatement":19,"seen":{"f:16:9:16:25":0,"s:23:2:31:Infinity":0,"b:27:26:27:36:27:36:27:Infinity":0,"b:30:7:30:19:30:19:30:Infinity":1,"f:35:9:35:50":1,"s:43:21:64:Infinity":1,"f:43:21:43:22":2,"b:44:4:46:Infinity:undefined:undefined:undefined:undefined":2,"s:44:4:46:Infinity":2,"s:45:6:45:Infinity":3,"s:48:46:48:Infinity":4,"b:50:4:58:Infinity:undefined:undefined:undefined:undefined":3,"s:50:4:58:Infinity":5,"b:51:6:57:Infinity:53:6:57:Infinity":4,"s:51:6:57:Infinity":6,"s:52:8:52:Infinity":7,"b:53:6:57:Infinity:55:13:57:Infinity":5,"s:53:6:57:Infinity":8,"s:54:8:54:Infinity":9,"s:56:8:56:Infinity":10,"s:60:4:63:Infinity":11,"s:66:25:68:Infinity":12,"f:66:25:66:26":3,"s:67:4:67:Infinity":13,"s:70:2:111:Infinity":14,"f:75:25:75:26":4,"s:76:14:85:Infinity":15,"b:79:26:79:45:79:45:79:Infinity":6,"b:82:50:82:72:82:72:82:Infinity":7,"f:84:25:84:31":5,"s:84:31:84:Infinity":16,"b:91:12:95:Infinity:97:12:107:Infinity":8,"f:97:21:97:22":6,"s:98:14:106:Infinity":17,"f:99:29:99:30":7,"s:100:18:104:Infinity":18,"b:102:24:102:Infinity:103:24:103:Infinity":9,"b:103:31:103:66:103:66:103:68":10}}}
,"/home/manupc/Desktop/calendar/frontend/src/components/basics/Table/index.ts": {"path":"/home/manupc/Desktop/calendar/frontend/src/components/basics/Table/index.ts","statementMap":{},"fnMap":{},"branchMap":{},"s":{},"f":{},"b":{},"meta":{"lastBranch":0,"lastFunction":0,"lastStatement":0,"seen":{}}}
,"/home/manupc/Desktop/calendar/frontend/src/components/calendar/calendar.tsx": {"path":"/home/manupc/Desktop/calendar/frontend/src/components/calendar/calendar.tsx","statementMap":{"0":{"start":{"line":6,"column":30},"end":{"line":11,"column":null}},"1":{"start":{"line":13,"column":20},"end":{"line":19,"column":null}},"2":{"start":{"line":21,"column":17},"end":{"line":25,"column":null}},"3":{"start":{"line":27,"column":17},"end":{"line":34,"column":null}},"4":{"start":{"line":42,"column":16},"end":{"line":67,"column":null}},"5":{"start":{"line":43,"column":29},"end":{"line":51,"column":null}},"6":{"start":{"line":44,"column":4},"end":{"line":46,"column":null}},"7":{"start":{"line":45,"column":6},"end":{"line":45,"column":null}},"8":{"start":{"line":47,"column":4},"end":{"line":49,"column":null}},"9":{"start":{"line":48,"column":6},"end":{"line":48,"column":null}},"10":{"start":{"line":50,"column":4},"end":{"line":50,"column":null}},"11":{"start":{"line":53,"column":2},"end":{"line":66,"column":null}},"12":{"start":{"line":70,"column":22},"end":{"line":70,"column":null}},"13":{"start":{"line":72,"column":22},"end":{"line":72,"column":null}},"14":{"start":{"line":73,"column":8},"end":{"line":73,"column":null}},"15":{"start":{"line":74,"column":15},"end":{"line":74,"column":null}},"16":{"start":{"line":77,"column":26},"end":{"line":77,"column":null}},"17":{"start":{"line":78,"column":25},"end":{"line":78,"column":null}},"18":{"start":{"line":81,"column":19},"end":{"line":81,"column":null}},"19":{"start":{"line":82,"column":27},"end":{"line":82,"column":null}},"20":{"start":{"line":84,"column":22},"end":{"line":84,"column":null}},"21":{"start":{"line":85,"column":21},"end":{"line":85,"column":null}},"22":{"start":{"line":87,"column":23},"end":{"line":87,"column":null}},"23":{"start":{"line":88,"column":2},"end":{"line":92,"column":null}},"24":{"start":{"line":88,"column":15},"end":{"line":88,"column":18}},"25":{"start":{"line":89,"column":16},"end":{"line":89,"column":null}},"26":{"start":{"line":90,"column":4},"end":{"line":90,"column":null}},"27":{"start":{"line":91,"column":4},"end":{"line":91,"column":null}},"28":{"start":{"line":94,"column":20},"end":{"line":94,"column":null}},"29":{"start":{"line":96,"column":2},"end":{"line":122,"column":null}},"30":{"start":{"line":103,"column":10},"end":{"line":103,"column":null}},"31":{"start":{"line":106,"column":16},"end":{"line":106,"column":null}},"32":{"start":{"line":107,"column":16},"end":{"line":107,"column":null}},"33":{"start":{"line":108,"column":33},"end":{"line":108,"column":null}},"34":{"start":{"line":110,"column":10},"end":{"line":118,"column":null}}},"fnMap":{"0":{"name":"(anonymous_0)","decl":{"start":{"line":42,"column":41},"end":{"line":42,"column":42}},"loc":{"start":{"line":42,"column":52},"end":{"line":67,"column":1}},"line":42},"1":{"name":"(anonymous_1)","decl":{"start":{"line":43,"column":29},"end":{"line":43,"column":43}},"loc":{"start":{"line":43,"column":43},"end":{"line":51,"column":null}},"line":43},"2":{"name":"MiniCalendar","decl":{"start":{"line":69,"column":9},"end":{"line":69,"column":37}},"loc":{"start":{"line":69,"column":37},"end":{"line":124,"column":null}},"line":69},"3":{"name":"(anonymous_3)","decl":{"start":{"line":102,"column":23},"end":{"line":102,"column":24}},"loc":{"start":{"line":103,"column":10},"end":{"line":103,"column":null}},"line":103},"4":{"name":"(anonymous_4)","decl":{"start":{"line":105,"column":18},"end":{"line":105,"column":19}},"loc":{"start":{"line":105,"column":27},"end":{"line":120,"column":9}},"line":105}},"branchMap":{"0":{"loc":{"start":{"line":44,"column":4},"end":{"line":46,"column":null}},"type":"if","locations":[{"start":{"line":44,"column":4},"end":{"line":46,"column":null}},{"start":{},"end":{}}],"line":44},"1":{"loc":{"start":{"line":47,"column":4},"end":{"line":49,"column":null}},"type":"if","locations":[{"start":{"line":47,"column":4},"end":{"line":49,"column":null}},{"start":{},"end":{}}],"line":47},"2":{"loc":{"start":{"line":59,"column":11},"end":{"line":59,"column":null}},"type":"cond-expr","locations":[{"start":{"line":59,"column":35},"end":{"line":59,"column":50}},{"start":{"line":59,"column":50},"end":{"line":59,"column":null}}],"line":59},"3":{"loc":{"start":{"line":61,"column":16},"end":{"line":61,"column":null}},"type":"cond-expr","locations":[{"start":{"line":61,"column":33},"end":{"line":61,"column":55}},{"start":{"line":61,"column":55},"end":{"line":61,"column":null}}],"line":61},"4":{"loc":{"start":{"line":64,"column":23},"end":{"line":64,"column":null}},"type":"cond-expr","locations":[{"start":{"line":64,"column":40},"end":{"line":64,"column":63}},{"start":{"line":64,"column":63},"end":{"line":64,"column":null}}],"line":64},"5":{"loc":{"start":{"line":82,"column":27},"end":{"line":82,"column":null}},"type":"cond-expr","locations":[{"start":{"line":82,"column":44},"end":{"line":82,"column":48}},{"start":{"line":82,"column":48},"end":{"line":82,"column":null}}],"line":82}},"s":{"0":0,"1":0,"2":0,"3":0,"4":0,"5":0,"6":0,"7":0,"8":0,"9":0,"10":0,"11":0,"12":0,"13":0,"14":0,"15":0,"16":0,"17":0,"18":0,"19":0,"20":0,"21":0,"22":0,"23":0,"24":0,"25":0,"26":0,"27":0,"28":0,"29":0,"30":0,"31":0,"32":0,"33":0,"34":0},"f":{"0":0,"1":0,"2":0,"3":0,"4":0},"b":{"0":[0,0],"1":[0,0],"2":[0,0],"3":[0,0],"4":[0,0],"5":[0,0]},"meta":{"lastBranch":6,"lastFunction":5,"lastStatement":35,"seen":{"s:6:30:11:Infinity":0,"s:13:20:19:Infinity":1,"s:21:17:25:Infinity":2,"s:27:17:34:Infinity":3,"s:42:16:67:Infinity":4,"f:42:41:42:42":0,"s:43:29:51:Infinity":5,"f:43:29:43:43":1,"b:44:4:46:Infinity:undefined:undefined:undefined:undefined":0,"s:44:4:46:Infinity":6,"s:45:6:45:Infinity":7,"b:47:4:49:Infinity:undefined:undefined:undefined:undefined":1,"s:47:4:49:Infinity":8,"s:48:6:48:Infinity":9,"s:50:4:50:Infinity":10,"s:53:2:66:Infinity":11,"b:59:35:59:50:59:50:59:Infinity":2,"b:61:33:61:55:61:55:61:Infinity":3,"b:64:40:64:63:64:63:64:Infinity":4,"f:69:9:69:37":2,"s:70:22:70:Infinity":12,"s:72:22:72:Infinity":13,"s:73:8:73:Infinity":14,"s:74:15:74:Infinity":15,"s:77:26:77:Infinity":16,"s:78:25:78:Infinity":17,"s:81:19:81:Infinity":18,"s:82:27:82:Infinity":19,"b:82:44:82:48:82:48:82:Infinity":5,"s:84:22:84:Infinity":20,"s:85:21:85:Infinity":21,"s:87:23:87:Infinity":22,"s:88:2:92:Infinity":23,"s:88:15:88:18":24,"s:89:16:89:Infinity":25,"s:90:4:90:Infinity":26,"s:91:4:91:Infinity":27,"s:94:20:94:Infinity":28,"s:96:2:122:Infinity":29,"f:102:23:102:24":3,"s:103:10:103:Infinity":30,"f:105:18:105:19":4,"s:106:16:106:Infinity":31,"s:107:16:107:Infinity":32,"s:108:33:108:Infinity":33,"s:110:10:118:Infinity":34}}}
,"/home/manupc/Desktop/calendar/frontend/src/components/calendar/index.ts": {"path":"/home/manupc/Desktop/calendar/frontend/src/components/calendar/index.ts","statementMap":{},"fnMap":{},"branchMap":{},"s":{},"f":{},"b":{},"meta":{"lastBranch":0,"lastFunction":0,"lastStatement":0,"seen":{}}}
,"/home/manupc/Desktop/calendar/frontend/src/containers/Sidebar/Sidebar.tsx": {"path":"/home/manupc/Desktop/calendar/frontend/src/containers/Sidebar/Sidebar.tsx","statementMap":{"0":{"start":{"line":8,"column":25},"end":{"line":16,"column":null}},"1":{"start":{"line":20,"column":2},"end":{"line":24,"column":null}}},"fnMap":{"0":{"name":"Sidebar","decl":{"start":{"line":19,"column":0},"end":{"line":19,"column":23}},"loc":{"start":{"line":19,"column":23},"end":{"line":26,"column":null}},"line":19}},"branchMap":{},"s":{"0":0,"1":0},"f":{"0":0},"b":{},"meta":{"lastBranch":0,"lastFunction":1,"lastStatement":2,"seen":{"s:8:25:16:Infinity":0,"f:19:0:19:23":0,"s:20:2:24:Infinity":1}}}
,"/home/manupc/Desktop/calendar/frontend/src/containers/WeekView/WeekView.tsx": {"path":"/home/manupc/Desktop/calendar/frontend/src/containers/WeekView/WeekView.tsx","statementMap":{"0":{"start":{"line":11,"column":26},"end":{"line":15,"column":null}},"1":{"start":{"line":18,"column":8},"end":{"line":18,"column":null}},"2":{"start":{"line":20,"column":38},"end":{"line":20,"column":null}},"3":{"start":{"line":21,"column":38},"end":{"line":21,"column":null}},"4":{"start":{"line":22,"column":36},"end":{"line":22,"column":null}},"5":{"start":{"line":25,"column":26},"end":{"line":29,"column":null}},"6":{"start":{"line":26,"column":4},"end":{"line":26,"column":null}},"7":{"start":{"line":27,"column":4},"end":{"line":27,"column":null}},"8":{"start":{"line":28,"column":4},"end":{"line":28,"column":null}},"9":{"start":{"line":31,"column":27},"end":{"line":35,"column":null}},"10":{"start":{"line":32,"column":4},"end":{"line":32,"column":null}},"11":{"start":{"line":33,"column":4},"end":{"line":33,"column":null}},"12":{"start":{"line":34,"column":4},"end":{"line":34,"column":null}},"13":{"start":{"line":37,"column":27},"end":{"line":41,"column":null}},"14":{"start":{"line":38,"column":4},"end":{"line":38,"column":null}},"15":{"start":{"line":39,"column":4},"end":{"line":39,"column":null}},"16":{"start":{"line":40,"column":4},"end":{"line":40,"column":null}},"17":{"start":{"line":44,"column":22},"end":{"line":64,"column":null}},"18":{"start":{"line":45,"column":4},"end":{"line":63,"column":null}},"19":{"start":{"line":46,"column":6},"end":{"line":58,"column":null}},"20":{"start":{"line":48,"column":14},"end":{"line":51,"column":null}},"21":{"start":{"line":52,"column":8},"end":{"line":52,"column":null}},"22":{"start":{"line":55,"column":14},"end":{"line":55,"column":null}},"23":{"start":{"line":56,"column":14},"end":{"line":56,"column":null}},"24":{"start":{"line":57,"column":8},"end":{"line":57,"column":null}},"25":{"start":{"line":60,"column":6},"end":{"line":60,"column":null}},"26":{"start":{"line":62,"column":6},"end":{"line":62,"column":null}},"27":{"start":{"line":66,"column":22},"end":{"line":74,"column":null}},"28":{"start":{"line":67,"column":4},"end":{"line":73,"column":null}},"29":{"start":{"line":68,"column":6},"end":{"line":68,"column":null}},"30":{"start":{"line":69,"column":6},"end":{"line":69,"column":null}},"31":{"start":{"line":71,"column":6},"end":{"line":71,"column":null}},"32":{"start":{"line":77,"column":28},"end":{"line":79,"column":null}},"33":{"start":{"line":78,"column":4},"end":{"line":78,"column":null}},"34":{"start":{"line":81,"column":28},"end":{"line":83,"column":null}},"35":{"start":{"line":82,"column":4},"end":{"line":82,"column":null}},"36":{"start":{"line":85,"column":2},"end":{"line":100,"column":null}}},"fnMap":{"0":{"name":"WeekView","decl":{"start":{"line":17,"column":16},"end":{"line":17,"column":41}},"loc":{"start":{"line":17,"column":41},"end":{"
[...]
:20,"column":28}},"loc":{"start":{"line":20,"column":53},"end":{"line":28,"column":null}},"line":20},"3":{"name":"getWeekNumber","decl":{"start":{"line":30,"column":16},"end":{"line":30,"column":30}},"loc":{"start":{"line":30,"column":50},"end":{"line":45,"column":null}},"line":30},"4":{"name":"getWeekInfo","decl":{"start":{"line":47,"column":16},"end":{"line":47,"column":28}},"loc":{"start":{"line":47,"column":50},"end":{"line":61,"column":null}},"line":47},"5":{"name":"isSameDay","decl":{"start":{"line":63,"column":16},"end":{"line":63,"column":26}},"loc":{"start":{"line":63,"column":61},"end":{"line":69,"column":null}},"line":63},"6":{"name":"isToday","decl":{"start":{"line":71,"column":16},"end":{"line":71,"column":24}},"loc":{"start":{"line":71,"column":45},"end":{"line":73,"column":null}},"line":71},"7":{"name":"formatDayHeader","decl":{"start":{"line":75,"column":16},"end":{"line":75,"column":32}},"loc":{"start":{"line":75,"column":52},"end":{"line":80,"column":null}},"line":75},"8":{"name":"formatTime","decl":{"start":{"line":82,"column":16},"end":{"line":82,"column":27}},"loc":{"start":{"line":82,"column":49},"end":{"line":91,"column":null}},"line":82},"9":{"name":"getDateAtHour","decl":{"start":{"line":93,"column":16},"end":{"line":93,"column":30}},"loc":{"start":{"line":93,"column":62},"end":{"line":97,"column":null}},"line":93},"10":{"name":"isDateInWeek","decl":{"start":{"line":99,"column":16},"end":{"line":99,"column":29}},"loc":{"start":{"line":99,"column":66},"end":{"line":110,"column":null}},"line":99},"11":{"name":"addWeeks","decl":{"start":{"line":112,"column":16},"end":{"line":112,"column":25}},"loc":{"start":{"line":112,"column":58},"end":{"line":116,"column":null}},"line":112},"12":{"name":"getMonthName","decl":{"start":{"line":118,"column":16},"end":{"line":118,"column":29}},"loc":{"start":{"line":118,"column":49},"end":{"line":124,"column":null}},"line":118},"13":{"name":"getDayName","decl":{"start":{"line":126,"column":16},"end":{"line":126,"column":27}},"loc":{"start":{"line":126,"column":47},"end":{"line":132,"column":null}},"line":126}},"branchMap":{"0":{"loc":{"start":{"line":5,"column":15},"end":{"line":5,"column":null}},"type":"cond-expr","locations":[{"start":{"line":5,"column":27},"end":{"line":5,"column":32}},{"start":{"line":5,"column":32},"end":{"line":5,"column":null}}],"line":5},"1":{"loc":{"start":{"line":36,"column":41},"end":{"line":36,"column":62}},"type":"binary-expr","locations":[{"start":{"line":36,"column":41},"end":{"line":36,"column":60}},{"start":{"line":36,"column":60},"end":{"line":36,"column":62}}],"line":36},"2":{"loc":{"start":{"line":65,"column":4},"end":{"line":67,"column":null}},"type":"binary-expr","locations":[{"start":{"line":65,"column":4},"end":{"line":65,"column":null}},{"start":{"line":66,"column":4},"end":{"line":66,"column":null}},{"start":{"line":67,"column":4},"end":{"line":67,"column":null}}],"line":65},"3":{"loc":{"start":{"line":83,"column":17},"end":{"line":83,"column":null}},"type":"cond-expr","locations":[{"start":{"line":83,"column":30},"end":{"line":83,"column":37}},{"start":{"line":83,"column":37},"end":{"line":83,"column":null}}],"line":83},"4":{"loc":{"start":{"line":85,"column":2},"end":{"line":89,"column":null}},"type":"if","locations":[{"start":{"line":85,"column":2},"end":{"line":89,"column":null}},{"start":{"line":87,"column":2},"end":{"line":89,"column":null}}],"line":85},"5":{"loc":{"start":{"line":87,"column":2},"end":{"line":89,"column":null}},"type":"if","locations":[{"start":{"line":87,"column":2},"end":{"line":89,"column":null}},{"start":{},"end":{}}],"line":87},"6":{"loc":{"start":{"line":109,"column":9},"end":{"line":109,"column":null}},"type":"binary-expr","locations":[{"start":{"line":109,"column":9},"end":{"line":109,"column":31}},{"start":{"line":109,"column":31},"end":{"line":109,"column":null}}],"line":109},"7":{"loc":{"start":{"line":130,"column":22},"end":{"line":130,"column":null}},"type":"cond-expr","locations":[{"start":{"line":130,"column":34},"end":{"line":130,"column":38}},{"start":{"line":130,"column":38},"end":{"line":130,"column":null}}],"line":130}},"s":{"0":6,"1":6,"2":6,"3":6,"4":6,"5":6,"6":2,"7":2,"8":2,"9":2,"10":2,"11":2,"12":2,"13":2,"14":14,"15":14,"16":14,"17":2,"18":2,"19":2,"20":2,"21":2,"22":2,"23":2,"24":0,"25":0,"26":0,"27":0,"28":0,"29":0,"30":9,"31":0,"32":2,"33":2,"34":2,"35":2,"36":6,"37":6,"38":6,"39":1,"40":5,"41":2,"42":6,"43":2,"44":2,"45":2,"46":5,"47":5,"48":5,"49":5,"50":5,"51":5,"52":5,"53":3,"54":3,"55":3,"56":3,"57":3,"58":3,"59":3,"60":3,"61":3},"f":{"0":6,"1":2,"2":2,"3":2,"4":0,"5":9,"6":0,"7":2,"8":6,"9":2,"10":5,"11":3,"12":3,"13":3},"b":{"0":[1,5],"1":[2,0],"2":[9,9,8],"3":[3,3],"4":[1,5],"5":[2,3],"6":[5,4],"7":[1,2]},"meta":{"lastBranch":8,"lastFunction":14,"lastStatement":62,"seen":{"f:3:16:3:31":0,"s:4:14:4:Infinity":0,"s:5:15:5:Infinity":1,"b:5:27:5:32:5:32:5:Infinity":0,"s:6:17:6:Infinity":2,"s:7:2:7:Infinity":3,"s:8:2:8:Infinity":4,"s:9:2:9:Infinity":5,"f:12:16:12:29":1,"s:13:22:13:Infinity":6,"s:14:17:14:Infinity":7,"s:15:2:15:Infinity":8,"s:16:2:16:Infinity":9,"s:17:2:17:Infinity":10,"f:20:16:20:28":2,"s:21:23:21:Infinity":11,"s:22:2:26:Infinity":12,"s:22:15:22:18":13,"s:23:16:23:Infinity":14,"s:24:4:24:Infinity":15,"s:25:4:25:Infinity":16,"s:27:2:27:Infinity":17,"f:30:16:30:30":3,"s:31:17:31:Infinity":18,"s:32:2:32:Infinity":19,"s:36:2:36:Infinity":20,"b:36:41:36:60:36:60:36:62":1,"s:39:20:39:Infinity":21,"s:42:21:42:Infinity":22,"s:44:2:44:Infinity":23,"f:47:16:47:28":4,"s:48:20:48:Infinity":24,"s:49:18:49:Infinity":25,"s:50:15:50:Infinity":26,"s:51:21:51:Infinity":27,"s:52:15:52:Infinity":28,"s:54:2:60:Infinity":29,"f:63:16:63:26":5,"s:64:2:67:Infinity":30,"b:65:4:65:Infinity:66:4:66:Infinity:67:4:67:Infinity":2,"f:71:16:71:24":6,"s:72:2:72:Infinity":31,"f:75:16:75:32":7,"s:76:19:76:Infinity":32,"s:77:18:77:Infinity":33,"s:78:20:78:Infinity":34,"s:79:2:79:Infinity":35,"f:82:16:82:27":8,"s:83:17:83:Infinity":36,"b:83:30:83:37:83:37:83:Infinity":3,"s:84:20:84:Infinity":37,"b:85:2:89:Infinity:87:2:89:Infinity":4,"s:85:2:89:Infinity":38,"s:86:4:86:Infinity":39,"b:87:2:89:Infinity:undefined:undefined:undefined:undefined":5,"s:87:2:89:Infinity":40,"s:88:4:88:Infinity":41,"s:90:2:90:Infinity":42,"f:93:16:93:30":9,"s:94:18:94:Infinity":43,"s:95:2:95:Infinity":44,"s:96:2:96:Infinity":45,"f:99:16:99:29":10,"s:100:20:100:Infinity":46,"s:101:2:101:Infinity":47,"s:103:16:103:Infinity":48,"s:104:2:104:Infinity":49,"s:106:14:106:Infinity":50,"s:107:2:107:Infinity":51,"s:109:2:109:Infinity":52,"b:109:9:109:31:109:31:109:Infinity":6,"f:112:16:112:25":11,"s:113:18:113:Infinity":53,"s:114:2:114:Infinity":54,"s:115:2:115:Infinity":55,"f:118:16:118:29":12,"s:119:21:122:Infinity":56,"s:123:2:123:Infinity":57,"f:126:16:126:27":13,"s:127:19:127:Infinity":58,"s:128:14:128:Infinity":59,"s:130:22:130:Infinity":60,"b:130:34:130:38:130:38:130:Infinity":7,"s:131:2:131:Infinity":61}}}
,"/home/manupc/Desktop/calendar/frontend/src/utils/event.utils.ts": {"path":"/home/manupc/Desktop/calendar/frontend/src/utils/event.utils.ts","statementMap":{"0":{"start":{"line":6,"column":2},"end":{"line":6,"column":null}},"1":{"start":{"line":10,"column":2},"end":{"line":17,"column":null}},"2":{"start":{"line":11,"column":23},"end":{"line":11,"column":null}},"3":{"start":{"line":12,"column":21},"end":{"line":12,"column":null}},"4":{"start":{"line":15,"column":4},"end":{"line":16,"column":null}},"5":{"start":{"line":21,"column":2},"end":{"line":24,"column":null}},"6":{"start":{"line":22,"column":22},"end":{"line":22,"column":null}},"7":{"start":{"line":23,"column":4},"end":{"line":23,"column":null}},"8":{"start":{"line":28,"column":2},"end":{"line":28,"column":null}},"9":{"start":{"line":28,"column":36},"end":{"line":28,"column":73}},"10":{"start":{"line":34,"column":21},"end":{"line":34,"column":null}},"11":{"start":{"line":35,"column":19},"end":{"line":35,"column":null}},"12":{"start":{"line":38,"column":20},"end":{"line":38,"column":null}},"13":{"start":{"line":39,"column":17},"end":{"line":39,"column":null}},"14":{"start":{"line":42,"column":20},"end":{"line":42,"column":null}},"15":{"start":{"line":43,"column":23},"end":{"line":43,"column":null}},"16":{"start":{"line":44,"column":27},"end":{"line":44,"column":null}},"17":{"start":{"line":47,"column":21},"end":{"line":47,"column":null}},"18":{"start":{"line":48,"column":8},"end":{"line":48,"column":null}},"19":{"start":{"line":51,"column":21},"end":{"line":51,"column":null}},"20":{"start":{"line":52,"column":24},"end":{"line":52,"column":null}},"21":{"start":{"line":53,"column":17},"end":{"line":53,"column":null}},"22":{"start":{"line":55,"column":2},"end":{"line":60,"column":null}},"23":{"start":{"line":68,"column":21},"end":{"line":68,"column":null}},"24":{"start":{"line":69,"column":19},"end":{"line":69,"column":null}},"25":{"start":{"line":71,"column":20},"end":{"line":71,"column":null}},"26":{"start":{"line":72,"column":2},"end":{"line":72,"column":null}},"27":{"start":{"line":74,"column":18},"end":{"line":74,"column":null}},"28":{"start":{"line":75,"column":2},"end":{"line":75,"column":null}},"29":{"start":{"line":78,"column":2},"end":{"line":78,"column":null}},"30":{"start":{"line":85,"column":46},"end":{"line":85,"column":null}},"31":{"start":{"line":88,"column":35},"end":{"line":88,"column":null}},"32":{"start":{"line":89,"column":31},"end":{"line":89,"column":null}},"33":{"start":{"line":91,"column":16},"end":{"line":91,"column":null}},"34":{"start":{"line":92,"column":2},"end":{"line":92,"column":null}},"35":{"start":{"line":94,"column":14},"end":{"line":94,"column":null}},"36":{"start":{"line":95,"column":2},"end":{"line":95,"column":null}},"37":{"start":{"line":97,"column":2},"end":{"line":102,"column":null}},"38":{"start":{"line":109,"column":2},"end":{"line":111,"column":null}},"39":{"start":{"line":110,"column":4},"end":{"line":110,"column":null}},"40":{"start":{"line":113,"column":35},"end":{"line":113,"column":null}},"41":{"start":{"line":114,"column":31},"end":{"line":114,"column":null}},"42":{"start":{"line":116,"column":25},"end":{"line":116,"column":null}},"43":{"start":{"line":117,"column":23},"end":{"line":117,"column":null}},"44":{"start":{"line":119,"column":2},"end":{"line":121,"column":null}},"45":{"start":{"line":120,"column":4},"end":{"line":120,"column":null}},"46":{"start":{"line":123,"column":2},"end":{"line":123,"column":null}},"47":{"start":{"line":127,"column":17},"end":{"line":133,"column":null}},"48":{"start":{"line":134,"column":2},"end":{"line":134,"column":null}},"49":{"start":{"line":138,"column":16},"end":{"line":138,"column":null}},"50":{"start":{"line":139,"column":14},"end":{"line":139,"column":null}},"51":{"start":{"line":141,"column":21},"end":{"line":153,"column":null}},"52":{"start":{"line":142,"column":18},"end":{"line":142,"column":null}},"53":{"start":{"line":143,"column":20},"end":{"line":143,"column":null}},"54":{"start":{"line":144,"column":19},"end":{"line":144,"column":null}},"55":{"start":{"line":145,"column":22},"end":{"line":145,"column":null}},"56":{"start":{"line":146,"column":4},"end":{"line":150,"column":null}},"57":{"start":{"line":147,"column":6},"end":{"line":147,"column":null}},"58":{"start":{"line":148,"column":4},"end":{"line":150,"column":null}},"59":{"start":{"line":149,"column":6},"end":{"line":149,"column":null}},"60":{"start":{"line":151,"column":27},"end":{"line":151,"column":null}},"61":{"start":{"line":152,"column":4},"end":{"line":152,"column":null}},"62":{"start":{"line":155,"column":2},"end":{"line":155,"column":null}}},"fnMap":{"0":{"name":"generateEventId","decl":{"start":{"line":5,"column":16},"end":{"line":5,"column":42}},"loc":{"start":{"line":5,"column":42},"end":{"line":7,"column":null}},"line":5},"1":{"name":"filterEventsByDay","decl":{"start":{"line":9,"column":16},"end":{"line":9,"column":34}},"loc":{"start":{"line":9,"column":88},"end":{"line":18,"column":null}},"line":9},"2":{"name":"(anonymous_2)","decl":{"start":{"line":10,"column":23},"end":{"line":10,"column":32}},"loc":{"start":{"line":10,"column":32},"end":{"line":17,"column":3}},"line":10},"3":{"name":"filterEventsByWeek","decl":{"start":{"line":20,"column":16},"end":{"line":20,"column":35}},"loc":{"start":{"line":20,"column":93},"end":{"line":25,"column":null}},"line":20},"4":{"name":"(anonymous_4)","decl":{"start":{"line":21,"column":23},"end":{"line":21,"column":32}},"loc":{"start":{"line":21,"column":32},"end":{"line":24,"column":3}},"line":21},"5":{"name":"sortEventsByStartTime","decl":{"start":{"line":27,"column":16},"end":{"line":27,"column":38}},"loc":{"start":{"line":27,"column":80},"end":{"line":29,"column":null}},"line":27},"6":{"name":"(anonymous_6)","decl":{"start":{"line":28,"column":26},"end":{"line":28,"column":27}},"loc":{"start":{"line":28,"column":36},"end":{"line":28,"column":73}},"line":28},"7":{"name":"calculateEventPosition","decl":{"start":{"line":31,"column":16},"end":{"line":31,"column":null}},"loc":{"start":{"line":33,"column":17},"end":{"line":61,"column":null}},"line":33},"8":{"name":"isEventInSlot","decl":{"start":{"line":63,"column":16},"end":{"line":63,"column":null}},"loc":{"start":{"line":67,"column":11},"end":{"line":79,"column":null}},"line":67},"9":{"name":"createEventFromFormData","decl":{"start":{"line":81,"column":16},"end":{"line":81,"column":null}},"loc":{"start":{"line":84,"column":29},"end":{"line":103,"column":null}},"line":84},"10":{"name":"validateEventTimes","decl":{"start":{"line":105,"column":16},"end":{"line":105,"column":null}},"loc":{"start":{"line":108,"column":38},"end":{"line":124,"column":null}},"line":108},"11":{"name":"getRandomEventColor","decl":{"start":{"line":126,"column":16},"end":{"line":126,"column":46}},"loc":{"start":{"line":126,"column":46},"end":{"line":135,"column":null}},"line":126},"12":{"name":"formatEventTime","decl":{"start":{"line":137,"column":16},"end":{"line":137,"column":32}},"loc":{"start":{"line":137,"column":62},"end":{"line":156,"column":null}},"line":137},"13":{"name":"(anonymous_13)","decl":{"start":{"line":141,"column":21},"end":{"line":141,"column":22}},"loc":{"start":{"line":141,"column":45},"end":{"line":153,"column":null}},"line":141}},"branchMap":{"0":{"loc":{"start":{"line":15,"column":4},"end":{"line":16,"column":null}},"type":"binary-expr","locations":[{"start":{"line":15,"column":4},"end":{"line":15,"column":null}},{"start":{"line":16,"column":12},"end":{"line":16,"column":33}},{"start":{"line":16,"column":33},"end":{"line":16,"column":null}}],"line":15},"1":{"loc":{"start":{"line":39,"column":17},"end":{"line":39,"column":null}},"type":"cond-expr","locations":[{"start":{"line":39,"column":35},"end":{"line":39,"column":39}},{"start":{"line":39,"column":39},"end":{"line":39,"column":null}}],"line":39},"2":{"loc":{"start":{"line":78,"column":9},"end":{"line":78,"column":null}},"type":"binary-expr","locations":[{"start":{"line":78,"column":9},"end":{"line":78,"column":33}},{"start":{"line":78,"column":33},"end":{"line":78,"column":null}}],"line":78},"3":{"loc":{"start":{"line":109,"column":2},"end":{"line":111,"column":null}},"type":"if","locations":[{"start":{"line":109,"column":2},"end":{"line":111,"column":null}},{"start":{},"end":{}}],"line":109},"4":{"loc":{"start":{"line":109,"column":6},"end":{"line":109,"column":30}},"type":"binary-expr","locations":[{"start":{"line":109,"column":6},"end":{"line":109,"column":20}},{"start":{"line":109,"column":20},"end":{"line":109,"column":30}}],"line":109},"5":{"loc":{"start":{"line":119,"column":2},"end":{"line":121,"column":null}},"type":"if","locations":[{"start":{"line":119,"column":2},"end":{"line":121,"column":null}},{"start":{},"end":{}}],"line":119},"6":{"loc":{"start":{"line":144,"column":19},"end":{"line":144,"column":null}},"type":"cond-expr","locations":[{"start":{"line":144,"column":33},"end":{"line":144,"column":40}},{"start":{"line":144,"column":40},"end":{"line":144,"column":null}}],"line":144},"7":{"loc":{"start":{"line":146,"column":4},"end":{"line":150,"column":null}},"type":"if","locations":[{"start":{"line":146,"column":4},"end":{"line":150,"column":null}},{"start":{"line":148,"column":4},"end":{"line":150,"column":null}}],"line":146},"8":{"loc":{"start":{"line":148,"column":4},"end":{"line":150,"column":null}},"type":"if","locations":[{"start":{"line":148,"column":4},"end":{"line":150,"column":null}},{"start":{},"end":{}}],"line":148},"9":{"loc":{"start":{"line":151,"column":27},"end":{"line":151,"column":null}},"type":"cond-expr","locations":[{"start":{"line":151,"column":42},"end":{"line":151,"column":58}},{"start":{"line":151,"column":58},"end":{"line":151,"column":null}}],"line":151}},"s":{"0":3,"1":2,"2":6,"3":6,"4":6,"5":1,"6":2,"7":2,"8":2,"9":1,"10":0,"11":0,"12":0,"13":0,"14":0,"15":0,"16":0,"17":0,"18":0,"19":0,"20":0,"21":0,"22":0,"23":5,"24":5,"25":5,"26":5,"27":5,"28":5,"29":5,"30":2,"31":2,"32":2,"33":2,"34":2,"35":2,"36":2,"37":2,"38":5,"39":2,"40":3,"41":3,"42":3,"43":3,"44":3,"45":2,"46":1,"47":21,"48":21,"49":4,"50":4,"51":4,"52":8,"53":8,"54":8,"55":8,"56":8,"57":0,"58":8,"59":3,"60":8,"61":8,"62":4},"f":{"0":3,"1":2,"2":6,"3":1,"4":2,"5":2,"6":1,"7":0,"8":5,"9":2,"10":5,"11":21,"12":4,"13":8},"b":{"0":[6,4,3],"1":[0,0],"2":[5,4],"3":[2,3],"4":[5,4],"5":[2,1],"6":[5,3],"7":[0,8],"8":[3,5],"9":[6,2]},"meta":{"lastBranch":10,"lastFunction":14,"lastStatement":63,"seen":{"f:5:16:5:42":0,"s:6:2:6:Infinity":0,"f:9:16:9:34":1,"s:10:2:17:Infinity":1,"f:10:23:10:32":2,"s:11:23:11:Infinity":2,"s:12:21:12:Infinity":3,"s:15:4:16:Infinity":4,"b:15:4:15:Infinity:16:12:16:33:16:33:16:Infinity":0,"f:20:16:20:35":3,"s:21:2:24:Infinity":5,"f:21:23:21:32":4,"s:22:22:22:Infinity":6,"s:23:4:23:Infinity":7,"f:27:16:27:38":5,"s:28:2:28:Infinity":8,"f:28:26:28:27":6,"s:28:36:28:73":9,"f:31:16:31:Infinity":7,"s:34:21:34:Infinity":10,"s:35:19:35:Infinity":11,"s:38:20:38:Infinity":12,"s:39:17:39:Infinity":13,"b:39:35:39:39:39:39:39:Infinity":1,"s:42:20:42:Infinity":14,"s:43:23:43:Infinity":15,"s:44:27:44:Infinity":16,"s:47:21:47:Infinity":17,"s:48:8:48:Infinity":18,"s:51:21:51:Infinity":19,"s:52:24:52:Infinity":20,"s:53:17:53:Infinity":21,"s:55:2:60:Infinity":22,"f:63:16:63:Infinity":8,"s:68:21:68:Infinity":23,"s:69:19:69:Infinity":24,"s:71:20:71:Infinity":25,"s:72:2:72:Infinity":26,"s:74:18:74:Infinity":27,"s:75:2:75:Infinity":28,"s:78:2:78:Infinity":29,"b:78:9:78:33:78:33:78:Infinity":2,"f:81:16:81:Infinity":9,"s:85:46:85:Infinity":30,"s:88:35:88:Infinity":31,"s:89:31:89:Infinity":32,"s:91:16:91:Infinity":33,"s:92:2:92:Infinity":34,"s:94:14:94:Infinity":35,"s:95:2:95:Infinity":36,"s:97:2:102:Infinity":37,"f:105:16:105:Infinity":10,"b:109:2:111:Infinity:undefined:undefined:undefined:undefined":3,"s:109:2:111:Infinity":38,"b:109:6:109:20:109:20:109:30":4,"s:110:4:110:Infinity":39,"s:113:35:113:Infinity":40,"s:114:31:114:Infinity":41,"s:116:25:116:Infinity":42,"s:117:23:117:Infinity":43,"b:119:2:121:Infinity:undefined:undefined:undefined:undefined":5,"s:119:2:121:Infinity":44,"s:120:4:120:Infinity":45,"s:123:2:123:Infinity":46,"f:126:16:126:46":11,"s:127:17:133:Infinity":47,"s:134:2:134:Infinity":48,"f:137:16:137:32":12,"s:138:16:138:Infinity":49,"s:139:14:139:Infinity":50,"s:141:21:153:Infinity":51,"f:141:21:141:22":13,"s:142:18:142:Infinity":52,"s:143:20:143:Infinity":53,"s:144:19:144:Infinity":54,"b:144:33:144:40:144:40:144:Infinity":6,"s:145:22:145:Infinity":55,"b:146:4:150:Infinity:148:4:150:Infinity":7,"s:146:4:150:Infinity":56,"s:147:6:147:Infinity":57,"b:148:4:150:Infinity:undefined:undefined:undefined:undefined":8,"s:148:4:150:Infinity":58,"s:149:6:149:Infinity":59,"s:151:27:151:Infinity":60,"b:151:42:151:58:151:58:151:Infinity":9,"s:152:4:152:Infinity":61,"s:155:2:155:Infinity":62}}}
,"/home/manupc/Desktop/calendar/frontend/src/utils/index.ts": {"path":"/home/manupc/Desktop/calendar/frontend/src/utils/index.ts","statementMap":{},"fnMap":{},"branchMap":{},"s":{},"f":{},"b":{},"meta":{"lastBranch":0,"lastFunction":0,"lastStatement":0,"seen":{}}}
}
